2019-05-31 16:12:46 INFO  Car - Speed:   0.0; Angle:   EAST; Position:   2,3; Parcels:      0; Health: 100.0; Health Usage: 100.0; Fuel: 250.0; Tile: START
2019-05-31 16:12:46 INFO  Car - Speed:   1.0; Angle:   EAST; Position:   3,3; Parcels:      0; Health: 100.0; Health Usage: 100.0; Fuel: 249.0; Tile: ROAD
2019-05-31 16:12:46 INFO  Car - Speed:   1.0; Angle:   EAST; Position:   4,3; Parcels:      0; Health: 100.0; Health Usage: 100.0; Fuel: 248.0; Tile: ROAD
2019-05-31 16:12:46 INFO  Car - Speed:   1.0; Angle:   EAST; Position:   5,3; Parcels:      0; Health: 100.0; Health Usage: 100.0; Fuel: 247.0; Tile: ROAD
2019-05-31 16:12:46 INFO  Car - Speed:   1.0; Angle:   EAST; Position:   6,3; Parcels:      0; Health: 100.0; Health Usage: 100.0; Fuel: 246.0; Tile: ROAD
2019-05-31 16:12:46 INFO  Car - Speed:   1.0; Angle:   EAST; Position:   7,3; Parcels:      0; Health: 100.0; Health Usage: 100.0; Fuel: 245.0; Tile: ROAD
2019-05-31 16:12:47 INFO  Car - Speed:   1.0; Angle:   EAST; Position:   8,3; Parcels:      0; Health: 100.0; Health Usage: 100.0; Fuel: 244.0; Tile: ROAD
2019-05-31 16:12:47 INFO  Car - Speed:   1.0; Angle:   EAST; Position:   9,3; Parcels:      0; Health: 100.0; Health Usage: 100.0; Fuel: 243.0; Tile: ROAD
2019-05-31 16:12:47 INFO  Car - Speed:   1.0; Angle:   EAST; Position:  10,3; Parcels:      0; Health: 100.0; Health Usage: 100.0; Fuel: 242.0; Tile: ROAD
2019-05-31 16:12:47 INFO  Car - Speed:   1.0; Angle:   EAST; Position:  11,3; Parcels:      0; Health: 100.0; Health Usage: 100.0; Fuel: 241.0; Tile: ROAD
2019-05-31 16:12:47 INFO  Car - Speed:   1.0; Angle:   EAST; Position:  12,3; Parcels:      0; Health: 100.0; Health Usage: 100.0; Fuel: 240.0; Tile: ROAD
2019-05-31 16:12:47 INFO  Car - Speed:   1.0; Angle:   EAST; Position:  13,3; Parcels:      0; Health: 100.0; Health Usage: 100.0; Fuel: 239.0; Tile: ROAD
2019-05-31 16:12:47 INFO  Car - Speed:   1.0; Angle:   EAST; Position:  14,3; Parcels:      0; Health: 100.0; Health Usage: 100.0; Fuel: 238.0; Tile: ROAD
2019-05-31 16:12:47 INFO  Car - Speed:   1.0; Angle:   EAST; Position:  15,3; Parcels:      0; Health: 100.0; Health Usage: 100.0; Fuel: 237.0; Tile: ROAD
2019-05-31 16:12:47 INFO  Car - Speed:   1.0; Angle:   EAST; Position:  16,3; Parcels:      0; Health: 100.0; Health Usage: 100.0; Fuel: 236.0; Tile: ROAD
2019-05-31 16:12:47 INFO  Car - Speed:   1.0; Angle:   EAST; Position:  17,3; Parcels:      0; Health: 100.0; Health Usage: 100.0; Fuel: 235.0; Tile: ROAD
2019-05-31 16:12:47 INFO  Car - Speed:   1.0; Angle:  SOUTH; Position:  17,2; Parcels:      0; Health: 100.0; Health Usage: 100.0; Fuel: 234.0; Tile: ROAD
2019-05-31 16:12:47 INFO  Car - Speed:   1.0; Angle:   EAST; Position:  18,2; Parcels:      0; Health:  95.0; Health Usage: 100.0; Fuel: 233.0; Tile: TRAP(lava)
2019-05-31 16:12:47 INFO  Car - Speed:   1.0; Angle:   EAST; Position:  19,2; Parcels:      1; Health:  95.0; Health Usage: 100.0; Fuel: 232.0; Tile: ROAD
2019-05-31 16:12:47 INFO  Car - Speed:   1.0; Angle:   EAST; Position:  20,2; Parcels:      1; Health:  95.0; Health Usage: 100.0; Fuel: 231.0; Tile: ROAD
2019-05-31 16:12:47 INFO  Car - Speed:   1.0; Angle:   EAST; Position:  21,2; Parcels:      1; Health:  95.0; Health Usage: 100.0; Fuel: 230.0; Tile: ROAD
2019-05-31 16:12:47 INFO  Car - Speed:   1.0; Angle:   EAST; Position:  22,2; Parcels:      1; Health:  95.0; Health Usage: 100.0; Fuel: 229.0; Tile: ROAD
2019-05-31 16:12:48 INFO  Car - Speed:   1.0; Angle:   EAST; Position:  23,2; Parcels:      1; Health:  95.0; Health Usage: 100.0; Fuel: 228.0; Tile: ROAD
2019-05-31 16:12:48 INFO  Car - Speed:   1.0; Angle:  NORTH; Position:  23,3; Parcels:      1; Health:  95.0; Health Usage: 100.0; Fuel: 227.0; Tile: ROAD
2019-05-31 16:12:48 INFO  Car - Speed:   1.0; Angle:  NORTH; Position:  23,4; Parcels:      1; Health:  95.0; Health Usage: 100.0; Fuel: 226.0; Tile: ROAD
2019-05-31 16:12:48 INFO  Car - Speed:   1.0; Angle:  NORTH; Position:  23,5; Parcels:      1; Health:  95.0; Health Usage: 100.0; Fuel: 225.0; Tile: ROAD
2019-05-31 16:12:48 INFO  Car - Speed:   1.0; Angle:  NORTH; Position:  23,6; Parcels:      1; Health:  95.0; Health Usage: 100.0; Fuel: 224.0; Tile: ROAD
2019-05-31 16:12:48 INFO  Car - Speed:   1.0; Angle:  NORTH; Position:  23,7; Parcels:      1; Health:  95.0; Health Usage: 100.0; Fuel: 223.0; Tile: ROAD
2019-05-31 16:12:48 INFO  Car - Speed:   1.0; Angle:  NORTH; Position:  23,8; Parcels:      1; Health:  95.0; Health Usage: 100.0; Fuel: 222.0; Tile: ROAD
2019-05-31 16:12:48 INFO  Car - Speed:   1.0; Angle:  NORTH; Position:  23,9; Parcels:      1; Health:  95.0; Health Usage: 100.0; Fuel: 221.0; Tile: ROAD
2019-05-31 16:12:48 INFO  Car - Speed:   1.0; Angle:  NORTH; Position: 23,10; Parcels:      1; Health:  95.0; Health Usage: 100.0; Fuel: 220.0; Tile: ROAD
2019-05-31 16:12:48 INFO  Car - Speed:   1.0; Angle:  NORTH; Position: 23,11; Parcels:      1; Health:  95.0; Health Usage: 100.0; Fuel: 219.0; Tile: ROAD
2019-05-31 16:12:48 INFO  Car - Speed:   1.0; Angle:  NORTH; Position: 23,12; Parcels:      1; Health:  95.0; Health Usage: 100.0; Fuel: 218.0; Tile: ROAD
2019-05-31 16:12:48 INFO  Car - Speed:   1.0; Angle:  NORTH; Position: 23,13; Parcels:      1; Health:  95.0; Health Usage: 100.0; Fuel: 217.0; Tile: ROAD
2019-05-31 16:12:48 INFO  Car - Speed:   1.0; Angle:  NORTH; Position: 23,14; Parcels:      1; Health:  95.0; Health Usage: 100.0; Fuel: 216.0; Tile: ROAD
2019-05-31 16:12:48 INFO  Car - Speed:   1.0; Angle:  NORTH; Position: 23,15; Parcels:      2; Health:  95.0; Health Usage: 100.0; Fuel: 215.0; Tile: ROAD
2019-05-31 16:12:48 INFO  Car - Speed:   1.0; Angle:  NORTH; Position: 23,16; Parcels:      2; Health:  95.0; Health Usage: 100.0; Fuel: 214.0; Tile: FINISH
2019-05-31 16:12:48 INFO  Car - Speed:   1.0; Angle:  NORTH; Position: 23,17; Parcels:      2; Health:  95.0; Health Usage: 100.0; Fuel: 213.0; Tile: FINISH
2019-05-31 16:12:49 INFO  Car - Speed:   1.0; Angle:  NORTH; Position: 23,18; Parcels:      2; Health:  95.0; Health Usage: 100.0; Fuel: 212.0; Tile: FINISH
2019-05-31 16:12:49 INFO  Car - Speed:   1.0; Angle:   WEST; Position: 22,18; Parcels:      2; Health:  95.0; Health Usage: 100.0; Fuel: 211.0; Tile: FINISH
2019-05-31 16:12:49 INFO  Car - Speed:   1.0; Angle:   WEST; Position: 21,18; Parcels:      2; Health:  90.0; Health Usage: 100.0; Fuel: 210.0; Tile: TRAP(lava)
2019-05-31 16:12:49 INFO  Car - Speed:   1.0; Angle:   WEST; Position: 20,18; Parcels:      2; Health:  85.0; Health Usage: 100.0; Fuel: 209.0; Tile: TRAP(lava)
2019-05-31 16:12:49 INFO  Car - Speed:   1.0; Angle:  SOUTH; Position: 20,17; Parcels:      2; Health:  80.0; Health Usage: 100.0; Fuel: 208.0; Tile: TRAP(lava)
2019-05-31 16:12:49 INFO  Car - Speed:   1.0; Angle:  SOUTH; Position: 20,16; Parcels:      2; Health:  75.0; Health Usage: 100.0; Fuel: 207.0; Tile: TRAP(lava)
2019-05-31 16:12:49 INFO  Car - Speed:   1.0; Angle:  SOUTH; Position: 20,15; Parcels:      2; Health:  70.0; Health Usage: 100.0; Fuel: 206.0; Tile: TRAP(lava)
2019-05-31 16:12:49 INFO  Car - Speed:   1.0; Angle:  SOUTH; Position: 20,14; Parcels:      2; Health:  70.0; Health Usage: 100.0; Fuel: 205.0; Tile: ROAD
2019-05-31 16:12:49 INFO  Car - Speed:   1.0; Angle:  SOUTH; Position: 20,13; Parcels:      2; Health:  70.0; Health Usage: 100.0; Fuel: 204.0; Tile: ROAD
2019-05-31 16:12:49 INFO  Car - Speed:   1.0; Angle:  SOUTH; Position: 20,12; Parcels:      2; Health:  70.0; Health Usage: 100.0; Fuel: 203.0; Tile: ROAD
2019-05-31 16:12:49 INFO  Car - Speed:   1.0; Angle:  SOUTH; Position: 20,11; Parcels:      2; Health:  70.0; Health Usage: 100.0; Fuel: 202.0; Tile: ROAD
2019-05-31 16:12:49 INFO  Car - Speed:   1.0; Angle:  SOUTH; Position: 20,10; Parcels:      2; Health:  70.0; Health Usage: 100.0; Fuel: 201.0; Tile: ROAD
2019-05-31 16:12:49 INFO  Car - Speed:   1.0; Angle:  SOUTH; Position:  20,9; Parcels:      2; Health:  70.0; Health Usage: 100.0; Fuel: 200.0; Tile: ROAD
2019-05-31 16:12:49 INFO  Car - Speed:   1.0; Angle:  SOUTH; Position:  20,8; Parcels:      2; Health:  70.0; Health Usage: 100.0; Fuel: 199.0; Tile: ROAD
2019-05-31 16:12:49 INFO  Car - Speed:   1.0; Angle:  SOUTH; Position:  20,7; Parcels:      2; Health:  70.0; Health Usage: 100.0; Fuel: 198.0; Tile: ROAD
2019-05-31 16:12:49 INFO  Car - Speed:   1.0; Angle:  SOUTH; Position:  20,6; Parcels:      2; Health:  70.0; Health Usage: 100.0; Fuel: 197.0; Tile: ROAD
2019-05-31 16:12:50 INFO  Car - Speed:   1.0; Angle:  SOUTH; Position:  20,5; Parcels:      2; Health:  70.0; Health Usage: 100.0; Fuel: 196.0; Tile: ROAD
2019-05-31 16:12:50 INFO  Car - Speed:   1.0; Angle:   WEST; Position:  19,5; Parcels:      2; Health:  65.0; Health Usage: 100.0; Fuel: 195.0; Tile: TRAP(lava)
2019-05-31 16:12:50 INFO  Car - Speed:   1.0; Angle:   WEST; Position:  18,5; Parcels:      2; Health:  60.0; Health Usage: 100.0; Fuel: 194.0; Tile: TRAP(lava)
2019-05-31 16:12:50 INFO  Car - Speed:   1.0; Angle:   WEST; Position:  17,5; Parcels:      2; Health:  60.0; Health Usage: 100.0; Fuel: 193.0; Tile: ROAD
2019-05-31 16:12:50 INFO  Car - Speed:   1.0; Angle:   WEST; Position:  16,5; Parcels:      2; Health:  60.0; Health Usage: 100.0; Fuel: 192.0; Tile: ROAD
2019-05-31 16:12:50 INFO  Car - Speed:   1.0; Angle:   WEST; Position:  15,5; Parcels:      2; Health:  60.0; Health Usage: 100.0; Fuel: 191.0; Tile: ROAD
2019-05-31 16:12:50 INFO  Car - Speed:   1.0; Angle:   WEST; Position:  14,5; Parcels:      2; Health:  60.0; Health Usage: 100.0; Fuel: 190.0; Tile: ROAD
2019-05-31 16:12:50 INFO  Car - Speed:   1.0; Angle:   WEST; Position:  13,5; Parcels:      2; Health:  60.0; Health Usage: 100.0; Fuel: 189.0; Tile: ROAD
2019-05-31 16:12:50 INFO  Car - Speed:   1.0; Angle:   WEST; Position:  12,5; Parcels:      2; Health:  60.0; Health Usage: 100.0; Fuel: 188.0; Tile: ROAD
2019-05-31 16:12:50 INFO  Car - Speed:   1.0; Angle:   WEST; Position:  11,5; Parcels:      2; Health:  60.0; Health Usage: 100.0; Fuel: 187.0; Tile: ROAD
2019-05-31 16:12:50 INFO  Car - Speed:   1.0; Angle:   WEST; Position:  10,5; Parcels:      2; Health:  60.0; Health Usage: 100.0; Fuel: 186.0; Tile: ROAD
2019-05-31 16:12:50 INFO  Car - Speed:   1.0; Angle:   WEST; Position:   9,5; Parcels:      2; Health:  60.0; Health Usage: 100.0; Fuel: 185.0; Tile: ROAD
2019-05-31 16:12:50 INFO  Car - Speed:   1.0; Angle:   WEST; Position:   8,5; Parcels:      2; Health:  60.0; Health Usage: 100.0; Fuel: 184.0; Tile: ROAD
2019-05-31 16:12:50 INFO  Car - Speed:   1.0; Angle:  NORTH; Position:   8,6; Parcels:      2; Health:  60.0; Health Usage: 100.0; Fuel: 183.0; Tile: ROAD
2019-05-31 16:12:50 INFO  Car - Speed:   1.0; Angle:  NORTH; Position:   8,7; Parcels:      2; Health:  60.0; Health Usage: 100.0; Fuel: 182.0; Tile: ROAD
2019-05-31 16:12:50 INFO  Car - Speed:   1.0; Angle:   EAST; Position:   9,7; Parcels:      2; Health:  60.0; Health Usage: 100.0; Fuel: 181.0; Tile: ROAD
2019-05-31 16:12:51 INFO  Car - Speed:   1.0; Angle:   EAST; Position:  10,7; Parcels:      2; Health:  60.0; Health Usage: 100.0; Fuel: 180.0; Tile: ROAD
2019-05-31 16:12:51 INFO  Car - Speed:   1.0; Angle:   EAST; Position:  11,7; Parcels:      2; Health:  60.0; Health Usage: 100.0; Fuel: 179.0; Tile: ROAD
2019-05-31 16:12:51 INFO  Car - Speed:   1.0; Angle:   EAST; Position:  12,7; Parcels:      2; Health:  60.0; Health Usage: 100.0; Fuel: 178.0; Tile: ROAD
2019-05-31 16:12:51 INFO  Car - Speed:   1.0; Angle:   EAST; Position:  13,7; Parcels:      2; Health:  60.0; Health Usage: 100.0; Fuel: 177.0; Tile: ROAD
2019-05-31 16:12:51 INFO  Car - Speed:   1.0; Angle:   EAST; Position:  14,7; Parcels:      2; Health:  60.0; Health Usage: 100.0; Fuel: 176.0; Tile: ROAD
2019-05-31 16:12:51 INFO  Car - Speed:   1.0; Angle:   EAST; Position:  15,7; Parcels:      2; Health:  60.0; Health Usage: 100.0; Fuel: 175.0; Tile: ROAD
2019-05-31 16:12:51 INFO  Car - Speed:   1.0; Angle:   EAST; Position:  16,7; Parcels:      2; Health:  60.0; Health Usage: 100.0; Fuel: 174.0; Tile: ROAD
2019-05-31 16:12:51 INFO  Car - Speed:   1.0; Angle:   EAST; Position:  17,7; Parcels:      2; Health:  60.0; Health Usage: 100.0; Fuel: 173.0; Tile: ROAD
2019-05-31 16:12:51 INFO  Car - Speed:   1.0; Angle:  NORTH; Position:  17,8; Parcels:      2; Health:  60.0; Health Usage: 100.0; Fuel: 172.0; Tile: ROAD
2019-05-31 16:12:51 INFO  Car - Speed:   1.0; Angle:  NORTH; Position:  17,9; Parcels:      3; Health:  60.0; Health Usage: 100.0; Fuel: 171.0; Tile: ROAD
2019-05-31 16:12:51 INFO  Car - Speed:   1.0; Angle:  NORTH; Position: 17,10; Parcels:      3; Health:  60.0; Health Usage: 100.0; Fuel: 170.0; Tile: ROAD
2019-05-31 16:12:51 INFO  Car - Speed:   1.0; Angle:  NORTH; Position: 17,11; Parcels:      3; Health:  60.0; Health Usage: 100.0; Fuel: 169.0; Tile: ROAD
2019-05-31 16:12:51 INFO  Car - Speed:   1.0; Angle:   WEST; Position: 16,11; Parcels:      3; Health:  60.0; Health Usage: 100.0; Fuel: 168.0; Tile: ROAD
2019-05-31 16:12:51 INFO  Car - Speed:   1.0; Angle:   WEST; Position: 15,11; Parcels:      3; Health:  60.0; Health Usage: 100.0; Fuel: 167.0; Tile: ROAD
2019-05-31 16:12:51 INFO  Car - Speed:   1.0; Angle:   WEST; Position: 14,11; Parcels:      3; Health:  60.0; Health Usage: 100.0; Fuel: 166.0; Tile: ROAD
2019-05-31 16:12:51 INFO  Car - Speed:   1.0; Angle:   WEST; Position: 13,11; Parcels:      3; Health:  60.0; Health Usage: 100.0; Fuel: 165.0; Tile: ROAD
2019-05-31 16:12:52 INFO  Car - Speed:   1.0; Angle:   WEST; Position: 12,11; Parcels:      3; Health:  60.0; Health Usage: 100.0; Fuel: 164.0; Tile: ROAD
2019-05-31 16:12:52 INFO  Car - Speed:   1.0; Angle:   WEST; Position: 11,11; Parcels:      3; Health:  60.0; Health Usage: 100.0; Fuel: 163.0; Tile: ROAD
2019-05-31 16:12:52 INFO  Car - Speed:   1.0; Angle:   WEST; Position: 10,11; Parcels:      3; Health:  60.0; Health Usage: 100.0; Fuel: 162.0; Tile: ROAD
2019-05-31 16:12:52 INFO  Car - Speed:   1.0; Angle:   WEST; Position:  9,11; Parcels:      3; Health:  60.0; Health Usage: 100.0; Fuel: 161.0; Tile: ROAD
2019-05-31 16:12:52 INFO  Car - Speed:   1.0; Angle:   WEST; Position:  8,11; Parcels:      3; Health:  60.0; Health Usage: 100.0; Fuel: 160.0; Tile: ROAD
2019-05-31 16:12:52 INFO  Car - Speed:   1.0; Angle:  NORTH; Position:  8,12; Parcels:      3; Health:  60.0; Health Usage: 100.0; Fuel: 159.0; Tile: ROAD
2019-05-31 16:12:52 INFO  Car - Speed:   1.0; Angle:  NORTH; Position:  8,13; Parcels:      3; Health:  60.0; Health Usage: 100.0; Fuel: 158.0; Tile: ROAD
2019-05-31 16:12:52 INFO  Car - Speed:   1.0; Angle:   EAST; Position:  9,13; Parcels:      3; Health:  60.0; Health Usage: 100.0; Fuel: 157.0; Tile: ROAD
2019-05-31 16:12:52 INFO  Car - Speed:   1.0; Angle:   EAST; Position: 10,13; Parcels:      3; Health:  60.0; Health Usage: 100.0; Fuel: 156.0; Tile: ROAD
2019-05-31 16:12:52 INFO  Car - Speed:   1.0; Angle:   EAST; Position: 11,13; Parcels:      3; Health:  60.0; Health Usage: 100.0; Fuel: 155.0; Tile: ROAD
2019-05-31 16:12:52 INFO  Car - Speed:   1.0; Angle:   EAST; Position: 12,13; Parcels:      3; Health:  60.0; Health Usage: 100.0; Fuel: 154.0; Tile: ROAD
2019-05-31 16:12:52 INFO  Car - Speed:   1.0; Angle:   EAST; Position: 13,13; Parcels:      3; Health:  60.0; Health Usage: 100.0; Fuel: 153.0; Tile: ROAD
2019-05-31 16:12:52 INFO  Car - Speed:   1.0; Angle:   EAST; Position: 14,13; Parcels:      3; Health:  60.0; Health Usage: 100.0; Fuel: 152.0; Tile: ROAD
2019-05-31 16:12:52 INFO  Car - Speed:   1.0; Angle:  NORTH; Position: 14,14; Parcels:      3; Health:  60.0; Health Usage: 100.0; Fuel: 151.0; Tile: ROAD
2019-05-31 16:12:52 INFO  Car - Speed:   1.0; Angle:  NORTH; Position: 14,15; Parcels:      3; Health:  60.0; Health Usage: 100.0; Fuel: 150.0; Tile: ROAD
2019-05-31 16:12:52 INFO  Car - Speed:   1.0; Angle:  NORTH; Position: 14,16; Parcels:      3; Health:  60.0; Health Usage: 100.0; Fuel: 149.0; Tile: ROAD
2019-05-31 16:12:53 INFO  Car - Speed:   1.0; Angle:  NORTH; Position: 14,17; Parcels:      3; Health:  60.0; Health Usage: 100.0; Fuel: 148.0; Tile: ROAD
2019-05-31 16:12:53 INFO  Car - Speed:   1.0; Angle:  NORTH; Position: 14,18; Parcels:      3; Health:  60.0; Health Usage: 100.0; Fuel: 147.0; Tile: ROAD
2019-05-31 16:12:53 INFO  Car - Speed:   1.0; Angle:   WEST; Position: 13,18; Parcels:      3; Health:  60.0; Health Usage: 100.0; Fuel: 146.0; Tile: ROAD
2019-05-31 16:12:53 INFO  Car - Speed:   1.0; Angle:  SOUTH; Position: 13,17; Parcels:      3; Health:  60.0; Health Usage: 100.0; Fuel: 145.0; Tile: ROAD
2019-05-31 16:12:53 INFO  Car - Speed:   1.0; Angle:  SOUTH; Position: 13,16; Parcels:      3; Health:  60.0; Health Usage: 100.0; Fuel: 144.0; Tile: ROAD
2019-05-31 16:12:53 INFO  Car - Speed:   1.0; Angle:  SOUTH; Position: 13,15; Parcels:      3; Health:  60.0; Health Usage: 100.0; Fuel: 143.0; Tile: ROAD
2019-05-31 16:12:53 INFO  Car - Speed:   1.0; Angle:  SOUTH; Position: 13,14; Parcels:      3; Health:  60.0; Health Usage: 100.0; Fuel: 142.0; Tile: ROAD
2019-05-31 16:12:53 INFO  Car - Speed:   1.0; Angle:   WEST; Position: 12,14; Parcels:      3; Health:  60.0; Health Usage: 100.0; Fuel: 141.0; Tile: ROAD
2019-05-31 16:12:53 INFO  Car - Speed:   1.0; Angle:   WEST; Position: 11,14; Parcels:      3; Health:  60.0; Health Usage: 100.0; Fuel: 140.0; Tile: ROAD
2019-05-31 16:12:53 INFO  Car - Speed:   1.0; Angle:  NORTH; Position: 11,15; Parcels:      3; Health:  60.0; Health Usage: 100.0; Fuel: 139.0; Tile: ROAD
2019-05-31 16:12:53 INFO  Car - Speed:   1.0; Angle:  NORTH; Position: 11,16; Parcels:      3; Health:  60.0; Health Usage: 100.0; Fuel: 138.0; Tile: ROAD
2019-05-31 16:12:53 INFO  Car - Speed:   1.0; Angle:  NORTH; Position: 11,17; Parcels:      3; Health:  60.0; Health Usage: 100.0; Fuel: 137.0; Tile: ROAD
2019-05-31 16:12:53 INFO  Car - Speed:   1.0; Angle:  NORTH; Position: 11,18; Parcels:      3; Health:  60.0; Health Usage: 100.0; Fuel: 136.0; Tile: ROAD
2019-05-31 16:12:53 INFO  Car - Speed:   1.0; Angle:   WEST; Position: 10,18; Parcels:      3; Health:  60.0; Health Usage: 100.0; Fuel: 135.0; Tile: ROAD
2019-05-31 16:12:53 INFO  Car - Speed:   1.0; Angle:   WEST; Position:  9,18; Parcels:      3; Health:  60.0; Health Usage: 100.0; Fuel: 134.0; Tile: ROAD
2019-05-31 16:12:53 INFO  Car - Speed:   1.0; Angle:   WEST; Position:  8,18; Parcels:      3; Health:  60.0; Health Usage: 100.0; Fuel: 133.0; Tile: ROAD
2019-05-31 16:12:54 INFO  Car - Speed:   1.0; Angle:   WEST; Position:  7,18; Parcels:      3; Health:  60.0; Health Usage: 100.0; Fuel: 132.0; Tile: ROAD
2019-05-31 16:12:54 INFO  Car - Speed:   1.0; Angle:   WEST; Position:  6,18; Parcels:      3; Health:  60.0; Health Usage: 100.0; Fuel: 131.0; Tile: ROAD
2019-05-31 16:12:54 INFO  Car - Speed:   1.0; Angle:   WEST; Position:  5,18; Parcels:      3; Health:  60.0; Health Usage: 100.0; Fuel: 130.0; Tile: ROAD
2019-05-31 16:12:54 INFO  Car - Speed:   1.0; Angle:   WEST; Position:  4,18; Parcels:      3; Health:  60.0; Health Usage: 100.0; Fuel: 129.0; Tile: ROAD
2019-05-31 16:12:54 INFO  Car - Speed:   1.0; Angle:   WEST; Position:  3,18; Parcels:      3; Health:  60.0; Health Usage: 100.0; Fuel: 128.0; Tile: ROAD
2019-05-31 16:12:54 INFO  Car - Speed:   1.0; Angle:   WEST; Position:  2,18; Parcels:      3; Health:  60.0; Health Usage: 100.0; Fuel: 127.0; Tile: ROAD
2019-05-31 16:12:54 INFO  Car - Speed:   1.0; Angle:   WEST; Position:  1,18; Parcels:      3; Health:  60.0; Health Usage: 100.0; Fuel: 126.0; Tile: ROAD
2019-05-31 16:12:54 INFO  Car - Speed:   1.0; Angle:  SOUTH; Position:  1,17; Parcels:      3; Health:  60.0; Health Usage: 100.0; Fuel: 125.0; Tile: ROAD
2019-05-31 16:12:54 INFO  Car - Speed:   1.0; Angle:  SOUTH; Position:  1,16; Parcels:      3; Health:  60.0; Health Usage: 100.0; Fuel: 124.0; Tile: ROAD
2019-05-31 16:12:54 INFO  Car - Speed:   1.0; Angle:  SOUTH; Position:  1,15; Parcels:      3; Health:  60.0; Health Usage: 100.0; Fuel: 123.0; Tile: ROAD
2019-05-31 16:12:54 INFO  Car - Speed:   1.0; Angle:  SOUTH; Position:  1,14; Parcels:      3; Health:  60.0; Health Usage: 100.0; Fuel: 122.0; Tile: ROAD
2019-05-31 16:12:54 INFO  Car - Speed:   1.0; Angle:  SOUTH; Position:  1,13; Parcels:      3; Health:  60.0; Health Usage: 100.0; Fuel: 121.0; Tile: ROAD
2019-05-31 16:12:54 INFO  Car - Speed:   1.0; Angle:   EAST; Position:  2,13; Parcels:      3; Health:  60.0; Health Usage: 100.0; Fuel: 120.0; Tile: ROAD
2019-05-31 16:12:54 INFO  Car - Speed:   1.0; Angle:   EAST; Position:  3,13; Parcels:      3; Health:  60.0; Health Usage: 100.0; Fuel: 119.0; Tile: ROAD
2019-05-31 16:12:54 INFO  Car - Speed:   1.0; Angle:   EAST; Position:  4,13; Parcels:      3; Health:  60.0; Health Usage: 100.0; Fuel: 118.0; Tile: ROAD
2019-05-31 16:12:54 INFO  Car - Speed:   1.0; Angle:   EAST; Position:  5,13; Parcels:      3; Health:  60.0; Health Usage: 100.0; Fuel: 117.0; Tile: ROAD
2019-05-31 16:12:55 INFO  Car - Speed:   1.0; Angle:   EAST; Position:  6,13; Parcels:      3; Health:  60.0; Health Usage: 100.0; Fuel: 116.0; Tile: ROAD
2019-05-31 16:12:55 INFO  Car - Speed:   1.0; Angle:   EAST; Position:  7,13; Parcels:      3; Health:  60.0; Health Usage: 100.0; Fuel: 115.0; Tile: ROAD
2019-05-31 16:12:55 INFO  Car - Speed:   1.0; Angle:  SOUTH; Position:  7,12; Parcels:      3; Health:  60.0; Health Usage: 100.0; Fuel: 114.0; Tile: ROAD
2019-05-31 16:12:55 INFO  Car - Speed:   1.0; Angle:  SOUTH; Position:  7,11; Parcels:      3; Health:  60.0; Health Usage: 100.0; Fuel: 113.0; Tile: ROAD
2019-05-31 16:12:55 INFO  Car - Speed:   1.0; Angle:  SOUTH; Position:  7,10; Parcels:      3; Health:  60.0; Health Usage: 100.0; Fuel: 112.0; Tile: ROAD
2019-05-31 16:12:55 INFO  Car - Speed:   1.0; Angle:  SOUTH; Position:   7,9; Parcels:      3; Health:  60.0; Health Usage: 100.0; Fuel: 111.0; Tile: ROAD
2019-05-31 16:12:55 INFO  Car - Speed:   1.0; Angle:  SOUTH; Position:   7,8; Parcels:      3; Health:  60.0; Health Usage: 100.0; Fuel: 110.0; Tile: ROAD
2019-05-31 16:12:55 INFO  Car - Speed:   1.0; Angle:  SOUTH; Position:   7,7; Parcels:      3; Health:  60.0; Health Usage: 100.0; Fuel: 109.0; Tile: ROAD
2019-05-31 16:12:55 INFO  Car - Speed:   1.0; Angle:  SOUTH; Position:   7,6; Parcels:      3; Health:  60.0; Health Usage: 100.0; Fuel: 108.0; Tile: ROAD
2019-05-31 16:12:55 INFO  Car - Speed:   1.0; Angle:  SOUTH; Position:   7,5; Parcels:      3; Health:  60.0; Health Usage: 100.0; Fuel: 107.0; Tile: ROAD
2019-05-31 16:12:55 INFO  Car - Speed:   1.0; Angle:   WEST; Position:   6,5; Parcels:      3; Health:  60.0; Health Usage: 100.0; Fuel: 106.0; Tile: ROAD
2019-05-31 16:12:55 INFO  Car - Speed:   1.0; Angle:   WEST; Position:   5,5; Parcels:      3; Health:  60.0; Health Usage: 100.0; Fuel: 105.0; Tile: ROAD
2019-05-31 16:12:55 INFO  Car - Speed:   1.0; Angle:   WEST; Position:   4,5; Parcels:      3; Health:  60.0; Health Usage: 100.0; Fuel: 104.0; Tile: ROAD
2019-05-31 16:12:55 INFO  Car - Speed:   1.0; Angle:   WEST; Position:   3,5; Parcels:      3; Health:  60.0; Health Usage: 100.0; Fuel: 103.0; Tile: ROAD
2019-05-31 16:12:55 INFO  Car - Speed:   1.0; Angle:   WEST; Position:   2,5; Parcels:      3; Health:  60.0; Health Usage: 100.0; Fuel: 102.0; Tile: ROAD
2019-05-31 16:12:55 INFO  Car - Speed:   1.0; Angle:   WEST; Position:   1,5; Parcels:      3; Health:  60.0; Health Usage: 100.0; Fuel: 101.0; Tile: ROAD
2019-05-31 16:12:56 INFO  Car - Speed:   1.0; Angle:  SOUTH; Position:   1,4; Parcels:      3; Health:  60.0; Health Usage: 100.0; Fuel: 100.0; Tile: ROAD
2019-05-31 16:12:56 INFO  Car - Speed:   1.0; Angle:  SOUTH; Position:   1,3; Parcels:      3; Health:  60.0; Health Usage: 100.0; Fuel:  99.0; Tile: ROAD
2019-05-31 16:12:56 INFO  Car - Speed:   1.0; Angle:  SOUTH; Position:   1,2; Parcels:      3; Health:  60.0; Health Usage: 100.0; Fuel:  98.0; Tile: ROAD
2019-05-31 16:12:56 INFO  Car - Speed:   1.0; Angle:   EAST; Position:   2,2; Parcels:      3; Health:  60.0; Health Usage: 100.0; Fuel:  97.0; Tile: ROAD
2019-05-31 16:12:56 INFO  Car - Speed:   1.0; Angle:   EAST; Position:   3,2; Parcels:      3; Health:  60.0; Health Usage: 100.0; Fuel:  96.0; Tile: ROAD
2019-05-31 16:12:56 INFO  Car - Speed:   1.0; Angle:   EAST; Position:   4,2; Parcels:      3; Health:  60.0; Health Usage: 100.0; Fuel:  95.0; Tile: ROAD
2019-05-31 16:12:56 INFO  Car - Speed:   1.0; Angle:   EAST; Position:   5,2; Parcels:      3; Health:  60.0; Health Usage: 100.0; Fuel:  94.0; Tile: ROAD
2019-05-31 16:12:56 INFO  Car - Speed:   1.0; Angle:   EAST; Position:   6,2; Parcels:      3; Health:  60.0; Health Usage: 100.0; Fuel:  93.0; Tile: ROAD
2019-05-31 16:12:56 INFO  Car - Speed:   1.0; Angle:   EAST; Position:   7,2; Parcels:      3; Health:  60.0; Health Usage: 100.0; Fuel:  92.0; Tile: ROAD
2019-05-31 16:12:56 INFO  Car - Speed:   1.0; Angle:   EAST; Position:   8,2; Parcels:      3; Health:  60.0; Health Usage: 100.0; Fuel:  91.0; Tile: ROAD
2019-05-31 16:12:56 INFO  Car - Speed:   1.0; Angle:   EAST; Position:   9,2; Parcels:      3; Health:  60.0; Health Usage: 100.0; Fuel:  90.0; Tile: ROAD
2019-05-31 16:12:56 INFO  Car - Speed:   1.0; Angle:   EAST; Position:  10,2; Parcels:      3; Health:  60.0; Health Usage: 100.0; Fuel:  89.0; Tile: ROAD
2019-05-31 16:12:56 INFO  Car - Speed:   1.0; Angle:   EAST; Position:  11,2; Parcels:      3; Health:  60.0; Health Usage: 100.0; Fuel:  88.0; Tile: ROAD
2019-05-31 16:12:56 INFO  Car - Speed:   1.0; Angle:   EAST; Position:  12,2; Parcels:      3; Health:  60.0; Health Usage: 100.0; Fuel:  87.0; Tile: ROAD
2019-05-31 16:12:56 INFO  Car - Speed:   1.0; Angle:   EAST; Position:  13,2; Parcels:      3; Health:  60.0; Health Usage: 100.0; Fuel:  86.0; Tile: ROAD
2019-05-31 16:12:56 INFO  Car - Speed:   1.0; Angle:   EAST; Position:  14,2; Parcels:      3; Health:  60.0; Health Usage: 100.0; Fuel:  85.0; Tile: ROAD
2019-05-31 16:12:57 INFO  Car - Speed:   1.0; Angle:   EAST; Position:  15,2; Parcels:      3; Health:  60.0; Health Usage: 100.0; Fuel:  84.0; Tile: ROAD
2019-05-31 16:12:57 INFO  Car - Speed:   1.0; Angle:   EAST; Position:  16,2; Parcels:      3; Health:  60.0; Health Usage: 100.0; Fuel:  83.0; Tile: ROAD
2019-05-31 16:12:57 INFO  Car - Speed:   1.0; Angle:   EAST; Position:  17,2; Parcels:      3; Health:  60.0; Health Usage: 100.0; Fuel:  82.0; Tile: ROAD
2019-05-31 16:12:57 INFO  Car - Speed:   1.0; Angle:  NORTH; Position:  17,3; Parcels:      3; Health:  60.0; Health Usage: 100.0; Fuel:  81.0; Tile: ROAD
2019-05-31 16:12:57 INFO  Car - Speed:   1.0; Angle:  NORTH; Position:  17,4; Parcels:      3; Health:  60.0; Health Usage: 100.0; Fuel:  80.0; Tile: ROAD
2019-05-31 16:12:57 INFO  Car - Speed:   1.0; Angle:  NORTH; Position:  17,5; Parcels:      3; Health:  60.0; Health Usage: 100.0; Fuel:  79.0; Tile: ROAD
2019-05-31 16:12:57 INFO  Car - Speed:   1.0; Angle:   WEST; Position:  16,5; Parcels:      3; Health:  60.0; Health Usage: 100.0; Fuel:  78.0; Tile: ROAD
2019-05-31 16:12:57 INFO  Car - Speed:   1.0; Angle:   WEST; Position:  15,5; Parcels:      3; Health:  60.0; Health Usage: 100.0; Fuel:  77.0; Tile: ROAD
2019-05-31 16:12:57 INFO  Car - Speed:   1.0; Angle:   WEST; Position:  14,5; Parcels:      3; Health:  60.0; Health Usage: 100.0; Fuel:  76.0; Tile: ROAD
2019-05-31 16:12:57 INFO  Car - Speed:   1.0; Angle:   WEST; Position:  13,5; Parcels:      3; Health:  60.0; Health Usage: 100.0; Fuel:  75.0; Tile: ROAD
2019-05-31 16:12:57 INFO  Car - Speed:   1.0; Angle:   WEST; Position:  12,5; Parcels:      3; Health:  60.0; Health Usage: 100.0; Fuel:  74.0; Tile: ROAD
2019-05-31 16:12:57 INFO  Car - Speed:   1.0; Angle:   WEST; Position:  11,5; Parcels:      3; Health:  60.0; Health Usage: 100.0; Fuel:  73.0; Tile: ROAD
2019-05-31 16:12:57 INFO  Car - Speed:   1.0; Angle:   WEST; Position:  10,5; Parcels:      3; Health:  60.0; Health Usage: 100.0; Fuel:  72.0; Tile: ROAD
2019-05-31 16:12:57 INFO  Car - Speed:   1.0; Angle:   WEST; Position:   9,5; Parcels:      3; Health:  60.0; Health Usage: 100.0; Fuel:  71.0; Tile: ROAD
2019-05-31 16:12:57 INFO  Car - Speed:   1.0; Angle:   WEST; Position:   8,5; Parcels:      3; Health:  60.0; Health Usage: 100.0; Fuel:  70.0; Tile: ROAD
2019-05-31 16:12:57 INFO  Car - Speed:   1.0; Angle:  NORTH; Position:   8,6; Parcels:      3; Health:  60.0; Health Usage: 100.0; Fuel:  69.0; Tile: ROAD
2019-05-31 16:12:58 INFO  Car - Speed:   1.0; Angle:  NORTH; Position:   8,7; Parcels:      3; Health:  60.0; Health Usage: 100.0; Fuel:  68.0; Tile: ROAD
2019-05-31 16:12:58 INFO  Car - Speed:   1.0; Angle:   EAST; Position:   9,7; Parcels:      3; Health:  60.0; Health Usage: 100.0; Fuel:  67.0; Tile: ROAD
2019-05-31 16:12:58 INFO  Car - Speed:   1.0; Angle:   EAST; Position:  10,7; Parcels:      3; Health:  60.0; Health Usage: 100.0; Fuel:  66.0; Tile: ROAD
2019-05-31 16:12:58 INFO  Car - Speed:   1.0; Angle:   EAST; Position:  11,7; Parcels:      3; Health:  60.0; Health Usage: 100.0; Fuel:  65.0; Tile: ROAD
2019-05-31 16:12:58 INFO  Car - Speed:   1.0; Angle:   EAST; Position:  12,7; Parcels:      3; Health:  60.0; Health Usage: 100.0; Fuel:  64.0; Tile: ROAD
2019-05-31 16:12:58 INFO  Car - Speed:   1.0; Angle:   EAST; Position:  13,7; Parcels:      3; Health:  60.0; Health Usage: 100.0; Fuel:  63.0; Tile: ROAD
2019-05-31 16:12:58 INFO  Car - Speed:   1.0; Angle:   EAST; Position:  14,7; Parcels:      3; Health:  60.0; Health Usage: 100.0; Fuel:  62.0; Tile: ROAD
2019-05-31 16:12:58 INFO  Car - Speed:   1.0; Angle:   EAST; Position:  15,7; Parcels:      3; Health:  60.0; Health Usage: 100.0; Fuel:  61.0; Tile: ROAD
2019-05-31 16:12:58 INFO  Car - Speed:   1.0; Angle:   EAST; Position:  16,7; Parcels:      3; Health:  60.0; Health Usage: 100.0; Fuel:  60.0; Tile: ROAD
2019-05-31 16:12:58 INFO  Car - Speed:   1.0; Angle:   EAST; Position:  17,7; Parcels:      3; Health:  60.0; Health Usage: 100.0; Fuel:  59.0; Tile: ROAD
2019-05-31 16:12:58 INFO  Car - Speed:   1.0; Angle:   EAST; Position:  18,7; Parcels:      3; Health:  60.0; Health Usage: 100.0; Fuel:  58.0; Tile: ROAD
2019-05-31 16:12:58 INFO  Car - Speed:   1.0; Angle:  NORTH; Position:  18,8; Parcels:      3; Health:  60.0; Health Usage: 100.0; Fuel:  57.0; Tile: ROAD
2019-05-31 16:12:58 INFO  Car - Speed:   1.0; Angle:  NORTH; Position:  18,9; Parcels:      3; Health:  60.0; Health Usage: 100.0; Fuel:  56.0; Tile: ROAD
2019-05-31 16:12:58 INFO  Car - Speed:   1.0; Angle:  NORTH; Position: 18,10; Parcels:      3; Health:  60.0; Health Usage: 100.0; Fuel:  55.0; Tile: ROAD
2019-05-31 16:12:58 INFO  Car - Speed:   1.0; Angle:  NORTH; Position: 18,11; Parcels:      3; Health:  60.0; Health Usage: 100.0; Fuel:  54.0; Tile: ROAD
2019-05-31 16:12:58 INFO  Car - Speed:   1.0; Angle:   WEST; Position: 17,11; Parcels:      3; Health:  60.0; Health Usage: 100.0; Fuel:  53.0; Tile: ROAD
2019-05-31 16:12:59 INFO  Car - Speed:   1.0; Angle:   WEST; Position: 16,11; Parcels:      3; Health:  60.0; Health Usage: 100.0; Fuel:  52.0; Tile: ROAD
2019-05-31 16:12:59 INFO  Car - Speed:   1.0; Angle:   WEST; Position: 15,11; Parcels:      3; Health:  60.0; Health Usage: 100.0; Fuel:  51.0; Tile: ROAD
2019-05-31 16:12:59 INFO  Car - Speed:   1.0; Angle:   WEST; Position: 14,11; Parcels:      3; Health:  60.0; Health Usage: 100.0; Fuel:  50.0; Tile: ROAD
2019-05-31 16:12:59 INFO  Car - Speed:   1.0; Angle:   WEST; Position: 13,11; Parcels:      3; Health:  60.0; Health Usage: 100.0; Fuel:  49.0; Tile: ROAD
2019-05-31 16:12:59 INFO  Car - Speed:   1.0; Angle:   WEST; Position: 12,11; Parcels:      3; Health:  60.0; Health Usage: 100.0; Fuel:  48.0; Tile: ROAD
2019-05-31 16:12:59 INFO  Car - Speed:   1.0; Angle:   WEST; Position: 11,11; Parcels:      3; Health:  60.0; Health Usage: 100.0; Fuel:  47.0; Tile: ROAD
2019-05-31 16:12:59 INFO  Car - Speed:   1.0; Angle:   WEST; Position: 10,11; Parcels:      3; Health:  60.0; Health Usage: 100.0; Fuel:  46.0; Tile: ROAD
2019-05-31 16:12:59 INFO  Car - Speed:   1.0; Angle:   WEST; Position:  9,11; Parcels:      3; Health:  60.0; Health Usage: 100.0; Fuel:  45.0; Tile: ROAD
2019-05-31 16:12:59 INFO  Car - Speed:   1.0; Angle:   WEST; Position:  8,11; Parcels:      3; Health:  60.0; Health Usage: 100.0; Fuel:  44.0; Tile: ROAD
2019-05-31 16:12:59 INFO  Car - Speed:   1.0; Angle:  NORTH; Position:  8,12; Parcels:      3; Health:  60.0; Health Usage: 100.0; Fuel:  43.0; Tile: ROAD
2019-05-31 16:12:59 INFO  Car - Speed:   1.0; Angle:  NORTH; Position:  8,13; Parcels:      3; Health:  60.0; Health Usage: 100.0; Fuel:  42.0; Tile: ROAD
2019-05-31 16:12:59 INFO  Car - Speed:   1.0; Angle:   EAST; Position:  9,13; Parcels:      3; Health:  60.0; Health Usage: 100.0; Fuel:  41.0; Tile: ROAD
2019-05-31 16:12:59 INFO  Car - Speed:   1.0; Angle:   EAST; Position: 10,13; Parcels:      3; Health:  60.0; Health Usage: 100.0; Fuel:  40.0; Tile: ROAD
2019-05-31 16:12:59 INFO  Car - Speed:   1.0; Angle:   EAST; Position: 11,13; Parcels:      3; Health:  60.0; Health Usage: 100.0; Fuel:  39.0; Tile: ROAD
2019-05-31 16:12:59 INFO  Car - Speed:   1.0; Angle:   EAST; Position: 12,13; Parcels:      3; Health:  60.0; Health Usage: 100.0; Fuel:  38.0; Tile: ROAD
2019-05-31 16:12:59 INFO  Car - Speed:   1.0; Angle:   EAST; Position: 13,13; Parcels:      3; Health:  60.0; Health Usage: 100.0; Fuel:  37.0; Tile: ROAD
2019-05-31 16:13:00 INFO  Car - Speed:   1.0; Angle:   EAST; Position: 14,13; Parcels:      3; Health:  60.0; Health Usage: 100.0; Fuel:  36.0; Tile: ROAD
2019-05-31 16:13:00 INFO  Car - Speed:   1.0; Angle:  NORTH; Position: 14,14; Parcels:      3; Health:  60.0; Health Usage: 100.0; Fuel:  35.0; Tile: ROAD
2019-05-31 16:13:00 INFO  Car - Speed:   1.0; Angle:  NORTH; Position: 14,15; Parcels:      3; Health:  60.0; Health Usage: 100.0; Fuel:  34.0; Tile: ROAD
2019-05-31 16:13:00 INFO  Car - Speed:   1.0; Angle:  NORTH; Position: 14,16; Parcels:      3; Health:  60.0; Health Usage: 100.0; Fuel:  33.0; Tile: ROAD
2019-05-31 16:13:00 INFO  Car - Speed:   1.0; Angle:  NORTH; Position: 14,17; Parcels:      3; Health:  60.0; Health Usage: 100.0; Fuel:  32.0; Tile: ROAD
2019-05-31 16:13:00 INFO  Car - Speed:   1.0; Angle:  NORTH; Position: 14,18; Parcels:      3; Health:  60.0; Health Usage: 100.0; Fuel:  31.0; Tile: ROAD
2019-05-31 16:13:00 INFO  Car - Speed:   1.0; Angle:   WEST; Position: 13,18; Parcels:      3; Health:  60.0; Health Usage: 100.0; Fuel:  30.0; Tile: ROAD
2019-05-31 16:13:00 INFO  Car - Speed:   1.0; Angle:  SOUTH; Position: 13,17; Parcels:      3; Health:  60.0; Health Usage: 100.0; Fuel:  29.0; Tile: ROAD
2019-05-31 16:13:00 INFO  Car - Speed:   1.0; Angle:  SOUTH; Position: 13,16; Parcels:      3; Health:  60.0; Health Usage: 100.0; Fuel:  28.0; Tile: ROAD
2019-05-31 16:13:00 INFO  Car - Speed:   1.0; Angle:  SOUTH; Position: 13,15; Parcels:      3; Health:  60.0; Health Usage: 100.0; Fuel:  27.0; Tile: ROAD
2019-05-31 16:13:00 INFO  Car - Speed:   1.0; Angle:  SOUTH; Position: 13,14; Parcels:      3; Health:  60.0; Health Usage: 100.0; Fuel:  26.0; Tile: ROAD
2019-05-31 16:13:00 INFO  Car - Speed:   1.0; Angle:   WEST; Position: 12,14; Parcels:      3; Health:  60.0; Health Usage: 100.0; Fuel:  25.0; Tile: ROAD
2019-05-31 16:13:00 INFO  Car - Speed:   1.0; Angle:   WEST; Position: 11,14; Parcels:      3; Health:  60.0; Health Usage: 100.0; Fuel:  24.0; Tile: ROAD
2019-05-31 16:13:00 INFO  Car - Speed:   1.0; Angle:  NORTH; Position: 11,15; Parcels:      3; Health:  60.0; Health Usage: 100.0; Fuel:  23.0; Tile: ROAD
2019-05-31 16:13:00 INFO  Car - Speed:   1.0; Angle:  NORTH; Position: 11,16; Parcels:      3; Health:  60.0; Health Usage: 100.0; Fuel:  22.0; Tile: ROAD
2019-05-31 16:13:00 INFO  Car - Speed:   1.0; Angle:  NORTH; Position: 11,17; Parcels:      3; Health:  60.0; Health Usage: 100.0; Fuel:  21.0; Tile: ROAD
2019-05-31 16:13:01 INFO  Car - Speed:   1.0; Angle:  NORTH; Position: 11,18; Parcels:      3; Health:  60.0; Health Usage: 100.0; Fuel:  20.0; Tile: ROAD
2019-05-31 16:13:01 INFO  Car - Speed:   1.0; Angle:   WEST; Position: 10,18; Parcels:      3; Health:  60.0; Health Usage: 100.0; Fuel:  19.0; Tile: ROAD
2019-05-31 16:13:01 INFO  Car - Speed:   1.0; Angle:   WEST; Position:  9,18; Parcels:      3; Health:  60.0; Health Usage: 100.0; Fuel:  18.0; Tile: ROAD
2019-05-31 16:13:01 INFO  Car - Speed:   1.0; Angle:   WEST; Position:  8,18; Parcels:      3; Health:  60.0; Health Usage: 100.0; Fuel:  17.0; Tile: ROAD
2019-05-31 16:13:01 INFO  Car - Speed:   1.0; Angle:   WEST; Position:  7,18; Parcels:      3; Health:  60.0; Health Usage: 100.0; Fuel:  16.0; Tile: ROAD
2019-05-31 16:13:01 INFO  Car - Speed:   1.0; Angle:   WEST; Position:  6,18; Parcels:      3; Health:  60.0; Health Usage: 100.0; Fuel:  15.0; Tile: ROAD
2019-05-31 16:13:01 INFO  Car - Speed:   1.0; Angle:   WEST; Position:  5,18; Parcels:      3; Health:  60.0; Health Usage: 100.0; Fuel:  14.0; Tile: ROAD
2019-05-31 16:13:01 INFO  Car - Speed:   1.0; Angle:   WEST; Position:  4,18; Parcels:      3; Health:  60.0; Health Usage: 100.0; Fuel:  13.0; Tile: ROAD
2019-05-31 16:13:01 INFO  Car - Speed:   1.0; Angle:   WEST; Position:  3,18; Parcels:      3; Health:  60.0; Health Usage: 100.0; Fuel:  12.0; Tile: ROAD
2019-05-31 16:13:01 INFO  Car - Speed:   1.0; Angle:   WEST; Position:  2,18; Parcels:      3; Health:  60.0; Health Usage: 100.0; Fuel:  11.0; Tile: ROAD
