2019-05-22 14:00:32 INFO  Car - Speed:   0.0; Angle:   EAST; Position:   2,3; Parcels:      0; Health: 100.0; Health Usage: 100.0; Fuel: 250.0; Tile: START
2019-05-22 14:00:32 INFO  Car - Speed:   0.0; Angle:   EAST; Position:   2,3; Parcels:      0; Health: 100.0; Health Usage: 100.0; Fuel: 250.0; Tile: START
2019-05-22 14:00:32 INFO  Car - Speed:   0.0; Angle:   EAST; Position:   2,3; Parcels:      0; Health: 100.0; Health Usage: 100.0; Fuel: 250.0; Tile: START
2019-05-22 14:00:32 INFO  Car - Speed:   0.0; Angle:   EAST; Position:   2,3; Parcels:      0; Health: 100.0; Health Usage: 100.0; Fuel: 250.0; Tile: START
2019-05-22 14:00:33 INFO  Car - Speed:   0.0; Angle:   EAST; Position:   2,3; Parcels:      0; Health: 100.0; Health Usage: 100.0; Fuel: 250.0; Tile: START
2019-05-22 14:00:33 INFO  Car - Speed:   0.0; Angle:   EAST; Position:   2,3; Parcels:      0; Health: 100.0; Health Usage: 100.0; Fuel: 250.0; Tile: START
2019-05-22 14:00:33 INFO  Car - Speed:   0.0; Angle:   EAST; Position:   2,3; Parcels:      0; Health: 100.0; Health Usage: 100.0; Fuel: 250.0; Tile: START
2019-05-22 14:00:33 INFO  Car - Speed:   0.0; Angle:   EAST; Position:   2,3; Parcels:      0; Health: 100.0; Health Usage: 100.0; Fuel: 250.0; Tile: START
2019-05-22 14:00:34 INFO  Car - Speed:   0.0; Angle:   EAST; Position:   2,3; Parcels:      0; Health: 100.0; Health Usage: 100.0; Fuel: 250.0; Tile: START
2019-05-22 14:00:34 INFO  Car - Speed:   0.0; Angle:   EAST; Position:   2,3; Parcels:      0; Health: 100.0; Health Usage: 100.0; Fuel: 250.0; Tile: START
2019-05-22 14:00:34 INFO  Car - Speed:   0.0; Angle:   EAST; Position:   2,3; Parcels:      0; Health: 100.0; Health Usage: 100.0; Fuel: 250.0; Tile: START
2019-05-22 14:00:34 INFO  Car - Speed:   0.0; Angle:   EAST; Position:   2,3; Parcels:      0; Health: 100.0; Health Usage: 100.0; Fuel: 250.0; Tile: START
2019-05-22 14:00:35 INFO  Car - Speed:   0.0; Angle:   EAST; Position:   2,3; Parcels:      0; Health: 100.0; Health Usage: 100.0; Fuel: 250.0; Tile: START
2019-05-22 14:00:35 INFO  Car - Speed:   0.0; Angle:   EAST; Position:   2,3; Parcels:      0; Health: 100.0; Health Usage: 100.0; Fuel: 250.0; Tile: START
2019-05-22 14:00:35 INFO  Car - Speed:   0.0; Angle:   EAST; Position:   2,3; Parcels:      0; Health: 100.0; Health Usage: 100.0; Fuel: 250.0; Tile: START
2019-05-22 14:00:35 INFO  Car - Speed:   0.0; Angle:   EAST; Position:   2,3; Parcels:      0; Health: 100.0; Health Usage: 100.0; Fuel: 250.0; Tile: START
2019-05-22 14:00:36 INFO  Car - Speed:   0.0; Angle:   EAST; Position:   2,3; Parcels:      0; Health: 100.0; Health Usage: 100.0; Fuel: 250.0; Tile: START
2019-05-22 14:00:36 INFO  Car - Speed:   0.0; Angle:   EAST; Position:   2,3; Parcels:      0; Health: 100.0; Health Usage: 100.0; Fuel: 250.0; Tile: START
2019-05-22 14:00:36 INFO  Car - Speed:   0.0; Angle:   EAST; Position:   2,3; Parcels:      0; Health: 100.0; Health Usage: 100.0; Fuel: 250.0; Tile: START
2019-05-22 14:00:36 INFO  Car - Speed:   1.0; Angle:   EAST; Position:   3,3; Parcels:      0; Health: 100.0; Health Usage: 100.0; Fuel: 249.0; Tile: ROAD
2019-05-22 14:00:37 INFO  Car - Speed:   1.0; Angle:   EAST; Position:   4,3; Parcels:      0; Health: 100.0; Health Usage: 100.0; Fuel: 248.0; Tile: ROAD
2019-05-22 14:00:37 INFO  Car - Speed:   1.0; Angle:   EAST; Position:   5,3; Parcels:      0; Health: 100.0; Health Usage: 100.0; Fuel: 247.0; Tile: ROAD
2019-05-22 14:00:37 INFO  Car - Speed:   1.0; Angle:   EAST; Position:   6,3; Parcels:      0; Health: 100.0; Health Usage: 100.0; Fuel: 246.0; Tile: ROAD
2019-05-22 14:00:37 INFO  Car - Speed:   1.0; Angle:   EAST; Position:   7,3; Parcels:      0; Health: 100.0; Health Usage: 100.0; Fuel: 245.0; Tile: ROAD
2019-05-22 14:00:38 INFO  Car - Speed:   1.0; Angle:   EAST; Position:   8,3; Parcels:      0; Health: 100.0; Health Usage: 100.0; Fuel: 244.0; Tile: ROAD
2019-05-22 14:00:38 INFO  Car - Speed:   1.0; Angle:  NORTH; Position:   8,4; Parcels:      0; Health: 100.0; Health Usage: 100.0; Fuel: 243.0; Tile: ROAD
2019-05-22 14:00:38 INFO  Car - Speed:   1.0; Angle:  NORTH; Position:   8,5; Parcels:      0; Health: 100.0; Health Usage: 100.0; Fuel: 242.0; Tile: ROAD
2019-05-22 14:00:38 INFO  Car - Speed:   1.0; Angle:  NORTH; Position:   8,6; Parcels:      0; Health: 100.0; Health Usage: 100.0; Fuel: 241.0; Tile: ROAD
2019-05-22 14:00:39 INFO  Car - Speed:   1.0; Angle:  NORTH; Position:   8,7; Parcels:      0; Health: 100.0; Health Usage: 100.0; Fuel: 240.0; Tile: ROAD
2019-05-22 14:00:39 INFO  Car - Speed:   1.0; Angle:  NORTH; Position:   8,8; Parcels:      0; Health: 100.0; Health Usage: 100.0; Fuel: 239.0; Tile: ROAD
2019-05-22 14:00:39 INFO  Car - Speed:   1.0; Angle:  NORTH; Position:   8,9; Parcels:      0; Health: 100.0; Health Usage: 100.0; Fuel: 238.0; Tile: ROAD
2019-05-22 14:00:39 INFO  Car - Speed:   1.0; Angle:  NORTH; Position:  8,10; Parcels:      0; Health: 100.0; Health Usage: 100.0; Fuel: 237.0; Tile: ROAD
2019-05-22 14:00:40 INFO  Car - Speed:   1.0; Angle:  NORTH; Position:  8,11; Parcels:      0; Health: 100.0; Health Usage: 100.0; Fuel: 236.0; Tile: ROAD
2019-05-22 14:00:40 INFO  Car - Speed:   1.0; Angle:  NORTH; Position:  8,12; Parcels:      0; Health: 100.0; Health Usage: 100.0; Fuel: 235.0; Tile: ROAD
2019-05-22 14:00:40 INFO  Car - Speed:   1.0; Angle:  NORTH; Position:  8,13; Parcels:      0; Health: 100.0; Health Usage: 100.0; Fuel: 234.0; Tile: ROAD
2019-05-22 14:00:40 INFO  Car - Speed:   1.0; Angle:  NORTH; Position:  8,14; Parcels:      0; Health: 100.0; Health Usage: 100.0; Fuel: 233.0; Tile: ROAD
2019-05-22 14:00:41 INFO  Car - Speed:   1.0; Angle:  NORTH; Position:  8,15; Parcels:      0; Health: 100.0; Health Usage: 100.0; Fuel: 232.0; Tile: ROAD
2019-05-22 14:00:41 INFO  Car - Speed:   1.0; Angle:  NORTH; Position:  8,16; Parcels:      0; Health: 100.0; Health Usage: 100.0; Fuel: 231.0; Tile: ROAD
2019-05-22 14:00:41 INFO  Car - Speed:   1.0; Angle:   WEST; Position:  7,16; Parcels:      0; Health: 100.0; Health Usage: 100.0; Fuel: 230.0; Tile: ROAD
2019-05-22 14:00:41 INFO  Car - Speed:   1.0; Angle:   WEST; Position:  6,16; Parcels:      0; Health: 100.0; Health Usage: 100.0; Fuel: 229.0; Tile: ROAD
2019-05-22 14:00:42 INFO  Car - Speed:   1.0; Angle:   WEST; Position:  5,16; Parcels:      0; Health: 100.0; Health Usage: 100.0; Fuel: 228.0; Tile: ROAD
2019-05-22 14:00:42 INFO  Car - Speed:   1.0; Angle:   WEST; Position:  4,16; Parcels:      0; Health: 100.0; Health Usage: 100.0; Fuel: 227.0; Tile: ROAD
2019-05-22 14:00:42 INFO  Car - Speed:   1.0; Angle:  NORTH; Position:  4,17; Parcels:      0; Health: 100.0; Health Usage: 100.0; Fuel: 226.0; Tile: ROAD
2019-05-22 14:00:42 INFO  Car - Speed:   1.0; Angle:  NORTH; Position:  4,18; Parcels:      0; Health: 100.0; Health Usage: 100.0; Fuel: 225.0; Tile: ROAD
2019-05-22 14:00:43 INFO  Car - Speed:   0.0; Angle:  NORTH; Position:  4,18; Parcels:      0; Health:  95.0; Health Usage: 100.0; Fuel: 224.0; Tile: ROAD
2019-05-22 14:00:43 INFO  Car - Speed:   0.0; Angle:  NORTH; Position:  4,18; Parcels:      0; Health:  95.0; Health Usage: 100.0; Fuel: 224.0; Tile: ROAD
2019-05-22 14:00:43 INFO  Car - Speed:   0.0; Angle:  NORTH; Position:  4,18; Parcels:      0; Health:  95.0; Health Usage: 100.0; Fuel: 224.0; Tile: ROAD
2019-05-22 14:00:43 INFO  Car - Speed:   0.0; Angle:  NORTH; Position:  4,18; Parcels:      0; Health:  95.0; Health Usage: 100.0; Fuel: 224.0; Tile: ROAD
2019-05-22 14:00:44 INFO  Car - Speed:   0.0; Angle:  NORTH; Position:  4,18; Parcels:      0; Health:  95.0; Health Usage: 100.0; Fuel: 224.0; Tile: ROAD
2019-05-22 14:00:44 INFO  Car - Speed:   0.0; Angle:  NORTH; Position:  4,18; Parcels:      0; Health:  95.0; Health Usage: 100.0; Fuel: 224.0; Tile: ROAD
2019-05-22 14:00:44 INFO  Car - Speed:   0.0; Angle:  NORTH; Position:  4,18; Parcels:      0; Health:  95.0; Health Usage: 100.0; Fuel: 224.0; Tile: ROAD
2019-05-22 14:00:44 INFO  Car - Speed:   0.0; Angle:  NORTH; Position:  4,18; Parcels:      0; Health:  95.0; Health Usage: 100.0; Fuel: 224.0; Tile: ROAD
2019-05-22 14:00:45 INFO  Car - Speed:   0.0; Angle:  NORTH; Position:  4,18; Parcels:      0; Health:  95.0; Health Usage: 100.0; Fuel: 224.0; Tile: ROAD
2019-05-22 14:00:45 INFO  Car - Speed:   0.0; Angle:  NORTH; Position:  4,18; Parcels:      0; Health:  95.0; Health Usage: 100.0; Fuel: 224.0; Tile: ROAD
2019-05-22 14:00:45 INFO  Car - Speed:   0.0; Angle:  NORTH; Position:  4,18; Parcels:      0; Health:  95.0; Health Usage: 100.0; Fuel: 224.0; Tile: ROAD
2019-05-22 14:00:45 INFO  Car - Speed:   0.0; Angle:  NORTH; Position:  4,18; Parcels:      0; Health:  95.0; Health Usage: 100.0; Fuel: 224.0; Tile: ROAD
2019-05-22 14:00:46 INFO  Car - Speed:   0.0; Angle:  NORTH; Position:  4,18; Parcels:      0; Health:  95.0; Health Usage: 100.0; Fuel: 224.0; Tile: ROAD
2019-05-22 14:00:46 INFO  Car - Speed:   0.0; Angle:  NORTH; Position:  4,18; Parcels:      0; Health:  95.0; Health Usage: 100.0; Fuel: 224.0; Tile: ROAD
2019-05-22 14:00:46 INFO  Car - Speed:   0.0; Angle:  NORTH; Position:  4,18; Parcels:      0; Health:  95.0; Health Usage: 100.0; Fuel: 224.0; Tile: ROAD
2019-05-22 14:00:46 INFO  Car - Speed:   0.0; Angle:  NORTH; Position:  4,18; Parcels:      0; Health:  95.0; Health Usage: 100.0; Fuel: 224.0; Tile: ROAD
2019-05-22 14:00:47 INFO  Car - Speed:   0.0; Angle:  NORTH; Position:  4,18; Parcels:      0; Health:  95.0; Health Usage: 100.0; Fuel: 224.0; Tile: ROAD
2019-05-22 14:00:47 INFO  Car - Speed:   0.0; Angle:  NORTH; Position:  4,18; Parcels:      0; Health:  95.0; Health Usage: 100.0; Fuel: 224.0; Tile: ROAD
2019-05-22 14:00:47 INFO  Car - Speed:   0.0; Angle:  NORTH; Position:  4,18; Parcels:      0; Health:  95.0; Health Usage: 100.0; Fuel: 224.0; Tile: ROAD
2019-05-22 14:00:47 INFO  Car - Speed:   0.0; Angle:  NORTH; Position:  4,18; Parcels:      0; Health:  95.0; Health Usage: 100.0; Fuel: 224.0; Tile: ROAD
2019-05-22 14:00:48 INFO  Car - Speed:   0.0; Angle:  NORTH; Position:  4,18; Parcels:      0; Health:  95.0; Health Usage: 100.0; Fuel: 224.0; Tile: ROAD
2019-05-22 14:00:48 INFO  Car - Speed:   0.0; Angle:  NORTH; Position:  4,18; Parcels:      0; Health:  95.0; Health Usage: 100.0; Fuel: 224.0; Tile: ROAD
2019-05-22 14:00:48 INFO  Car - Speed:   0.0; Angle:  NORTH; Position:  4,18; Parcels:      0; Health:  95.0; Health Usage: 100.0; Fuel: 224.0; Tile: ROAD
2019-05-22 14:00:48 INFO  Car - Speed:   0.0; Angle:  NORTH; Position:  4,18; Parcels:      0; Health:  95.0; Health Usage: 100.0; Fuel: 224.0; Tile: ROAD
2019-05-22 14:00:49 INFO  Car - Speed:   0.0; Angle:  NORTH; Position:  4,18; Parcels:      0; Health:  95.0; Health Usage: 100.0; Fuel: 224.0; Tile: ROAD
2019-05-22 14:00:49 INFO  Car - Speed:   0.0; Angle:  NORTH; Position:  4,18; Parcels:      0; Health:  95.0; Health Usage: 100.0; Fuel: 224.0; Tile: ROAD
2019-05-22 14:00:49 INFO  Car - Speed:   0.0; Angle:  NORTH; Position:  4,18; Parcels:      0; Health:  95.0; Health Usage: 100.0; Fuel: 224.0; Tile: ROAD
2019-05-22 14:00:49 INFO  Car - Speed:   0.0; Angle:  NORTH; Position:  4,18; Parcels:      0; Health:  95.0; Health Usage: 100.0; Fuel: 224.0; Tile: ROAD
2019-05-22 14:00:50 INFO  Car - Speed:   0.0; Angle:  NORTH; Position:  4,18; Parcels:      0; Health:  95.0; Health Usage: 100.0; Fuel: 224.0; Tile: ROAD
2019-05-22 14:00:50 INFO  Car - Speed:   0.0; Angle:  NORTH; Position:  4,18; Parcels:      0; Health:  95.0; Health Usage: 100.0; Fuel: 224.0; Tile: ROAD
2019-05-22 14:00:50 INFO  Car - Speed:   0.0; Angle:  NORTH; Position:  4,18; Parcels:      0; Health:  95.0; Health Usage: 100.0; Fuel: 224.0; Tile: ROAD
2019-05-22 14:00:50 INFO  Car - Speed:   0.0; Angle:  NORTH; Position:  4,18; Parcels:      0; Health:  95.0; Health Usage: 100.0; Fuel: 224.0; Tile: ROAD
2019-05-22 14:00:51 INFO  Car - Speed:   0.0; Angle:  NORTH; Position:  4,18; Parcels:      0; Health:  95.0; Health Usage: 100.0; Fuel: 224.0; Tile: ROAD
2019-05-22 14:00:51 INFO  Car - Speed:   0.0; Angle:  NORTH; Position:  4,18; Parcels:      0; Health:  95.0; Health Usage: 100.0; Fuel: 224.0; Tile: ROAD
2019-05-22 14:00:51 INFO  Car - Speed:   0.0; Angle:  NORTH; Position:  4,18; Parcels:      0; Health:  95.0; Health Usage: 100.0; Fuel: 224.0; Tile: ROAD
2019-05-22 14:00:51 INFO  Car - Speed:   0.0; Angle:  NORTH; Position:  4,18; Parcels:      0; Health:  95.0; Health Usage: 100.0; Fuel: 224.0; Tile: ROAD
2019-05-22 14:00:52 INFO  Car - Speed:   0.0; Angle:  NORTH; Position:  4,18; Parcels:      0; Health:  95.0; Health Usage: 100.0; Fuel: 224.0; Tile: ROAD
2019-05-22 14:00:52 INFO  Car - Speed:   0.0; Angle:  NORTH; Position:  4,18; Parcels:      0; Health:  95.0; Health Usage: 100.0; Fuel: 224.0; Tile: ROAD
2019-05-22 14:00:52 INFO  Car - Speed:   0.0; Angle:  NORTH; Position:  4,18; Parcels:      0; Health:  95.0; Health Usage: 100.0; Fuel: 224.0; Tile: ROAD
2019-05-22 14:00:52 INFO  Car - Speed:   0.0; Angle:  NORTH; Position:  4,18; Parcels:      0; Health:  95.0; Health Usage: 100.0; Fuel: 224.0; Tile: ROAD
2019-05-22 14:00:53 INFO  Car - Speed:   0.0; Angle:  NORTH; Position:  4,18; Parcels:      0; Health:  95.0; Health Usage: 100.0; Fuel: 224.0; Tile: ROAD
2019-05-22 14:00:53 INFO  Car - Speed:   0.0; Angle:  NORTH; Position:  4,18; Parcels:      0; Health:  95.0; Health Usage: 100.0; Fuel: 224.0; Tile: ROAD
2019-05-22 14:00:53 INFO  Car - Speed:   0.0; Angle:  NORTH; Position:  4,18; Parcels:      0; Health:  95.0; Health Usage: 100.0; Fuel: 224.0; Tile: ROAD
2019-05-22 14:00:53 INFO  Car - Speed:   0.0; Angle:  NORTH; Position:  4,18; Parcels:      0; Health:  95.0; Health Usage: 100.0; Fuel: 224.0; Tile: ROAD
2019-05-22 14:00:54 INFO  Car - Speed:   0.0; Angle:  NORTH; Position:  4,18; Parcels:      0; Health:  95.0; Health Usage: 100.0; Fuel: 224.0; Tile: ROAD
2019-05-22 14:00:54 INFO  Car - Speed:   0.0; Angle:  NORTH; Position:  4,18; Parcels:      0; Health:  95.0; Health Usage: 100.0; Fuel: 224.0; Tile: ROAD
2019-05-22 14:00:54 INFO  Car - Speed:   0.0; Angle:  NORTH; Position:  4,18; Parcels:      0; Health:  95.0; Health Usage: 100.0; Fuel: 224.0; Tile: ROAD
2019-05-22 14:00:54 INFO  Car - Speed:   0.0; Angle:  NORTH; Position:  4,18; Parcels:      0; Health:  95.0; Health Usage: 100.0; Fuel: 224.0; Tile: ROAD
2019-05-22 14:00:55 INFO  Car - Speed:   0.0; Angle:  NORTH; Position:  4,18; Parcels:      0; Health:  95.0; Health Usage: 100.0; Fuel: 224.0; Tile: ROAD
2019-05-22 14:00:55 INFO  Car - Speed:   0.0; Angle:  NORTH; Position:  4,18; Parcels:      0; Health:  95.0; Health Usage: 100.0; Fuel: 224.0; Tile: ROAD
2019-05-22 14:00:55 INFO  Car - Speed:   0.0; Angle:  NORTH; Position:  4,18; Parcels:      0; Health:  95.0; Health Usage: 100.0; Fuel: 224.0; Tile: ROAD
2019-05-22 14:00:55 INFO  Car - Speed:   0.0; Angle:  NORTH; Position:  4,18; Parcels:      0; Health:  95.0; Health Usage: 100.0; Fuel: 224.0; Tile: ROAD
2019-05-22 14:00:56 INFO  Car - Speed:   0.0; Angle:  NORTH; Position:  4,18; Parcels:      0; Health:  95.0; Health Usage: 100.0; Fuel: 224.0; Tile: ROAD
2019-05-22 14:00:56 INFO  Car - Speed:   0.0; Angle:  NORTH; Position:  4,18; Parcels:      0; Health:  95.0; Health Usage: 100.0; Fuel: 224.0; Tile: ROAD
2019-05-22 14:00:56 INFO  Car - Speed:   0.0; Angle:  NORTH; Position:  4,18; Parcels:      0; Health:  95.0; Health Usage: 100.0; Fuel: 224.0; Tile: ROAD
2019-05-22 14:00:56 INFO  Car - Speed:   0.0; Angle:  NORTH; Position:  4,18; Parcels:      0; Health:  95.0; Health Usage: 100.0; Fuel: 224.0; Tile: ROAD
2019-05-22 14:00:57 INFO  Car - Speed:   0.0; Angle:  NORTH; Position:  4,18; Parcels:      0; Health:  95.0; Health Usage: 100.0; Fuel: 224.0; Tile: ROAD
2019-05-22 14:00:57 INFO  Car - Speed:   0.0; Angle:  NORTH; Position:  4,18; Parcels:      0; Health:  95.0; Health Usage: 100.0; Fuel: 224.0; Tile: ROAD
2019-05-22 14:00:57 INFO  Car - Speed:   0.0; Angle:  NORTH; Position:  4,18; Parcels:      0; Health:  95.0; Health Usage: 100.0; Fuel: 224.0; Tile: ROAD
2019-05-22 14:00:57 INFO  Car - Speed:   0.0; Angle:  NORTH; Position:  4,18; Parcels:      0; Health:  95.0; Health Usage: 100.0; Fuel: 224.0; Tile: ROAD
2019-05-22 14:00:58 INFO  Car - Speed:   0.0; Angle:  NORTH; Position:  4,18; Parcels:      0; Health:  95.0; Health Usage: 100.0; Fuel: 224.0; Tile: ROAD
2019-05-22 14:00:58 INFO  Car - Speed:   0.0; Angle:  NORTH; Position:  4,18; Parcels:      0; Health:  95.0; Health Usage: 100.0; Fuel: 224.0; Tile: ROAD
2019-05-22 14:00:58 INFO  Car - Speed:   0.0; Angle:  NORTH; Position:  4,18; Parcels:      0; Health:  95.0; Health Usage: 100.0; Fuel: 224.0; Tile: ROAD
2019-05-22 14:00:58 INFO  Car - Speed:   0.0; Angle:  NORTH; Position:  4,18; Parcels:      0; Health:  95.0; Health Usage: 100.0; Fuel: 224.0; Tile: ROAD
2019-05-22 14:00:59 INFO  Car - Speed:   0.0; Angle:  NORTH; Position:  4,18; Parcels:      0; Health:  95.0; Health Usage: 100.0; Fuel: 224.0; Tile: ROAD
2019-05-22 14:00:59 INFO  Car - Speed:   0.0; Angle:  NORTH; Position:  4,18; Parcels:      0; Health:  95.0; Health Usage: 100.0; Fuel: 224.0; Tile: ROAD
2019-05-22 14:00:59 INFO  Car - Speed:   0.0; Angle:  NORTH; Position:  4,18; Parcels:      0; Health:  95.0; Health Usage: 100.0; Fuel: 224.0; Tile: ROAD
2019-05-22 14:00:59 INFO  Car - Speed:   0.0; Angle:  NORTH; Position:  4,18; Parcels:      0; Health:  95.0; Health Usage: 100.0; Fuel: 224.0; Tile: ROAD
2019-05-22 14:01:00 INFO  Car - Speed:   0.0; Angle:  NORTH; Position:  4,18; Parcels:      0; Health:  95.0; Health Usage: 100.0; Fuel: 224.0; Tile: ROAD
2019-05-22 14:01:00 INFO  Car - Speed:   0.0; Angle:  NORTH; Position:  4,18; Parcels:      0; Health:  95.0; Health Usage: 100.0; Fuel: 224.0; Tile: ROAD
2019-05-22 14:01:00 INFO  Car - Speed:   0.0; Angle:  NORTH; Position:  4,18; Parcels:      0; Health:  95.0; Health Usage: 100.0; Fuel: 224.0; Tile: ROAD
2019-05-22 14:01:00 INFO  Car - Speed:   0.0; Angle:  NORTH; Position:  4,18; Parcels:      0; Health:  95.0; Health Usage: 100.0; Fuel: 224.0; Tile: ROAD
2019-05-22 14:01:01 INFO  Car - Speed:   0.0; Angle:  NORTH; Position:  4,18; Parcels:      0; Health:  95.0; Health Usage: 100.0; Fuel: 224.0; Tile: ROAD
2019-05-22 14:01:01 INFO  Car - Speed:   0.0; Angle:  NORTH; Position:  4,18; Parcels:      0; Health:  95.0; Health Usage: 100.0; Fuel: 224.0; Tile: ROAD
2019-05-22 14:01:01 INFO  Car - Speed:   0.0; Angle:  NORTH; Position:  4,18; Parcels:      0; Health:  95.0; Health Usage: 100.0; Fuel: 224.0; Tile: ROAD
2019-05-22 14:01:01 INFO  Car - Speed:   0.0; Angle:  NORTH; Position:  4,18; Parcels:      0; Health:  95.0; Health Usage: 100.0; Fuel: 224.0; Tile: ROAD
2019-05-22 14:01:02 INFO  Car - Speed:   0.0; Angle:  NORTH; Position:  4,18; Parcels:      0; Health:  95.0; Health Usage: 100.0; Fuel: 224.0; Tile: ROAD
2019-05-22 14:01:02 INFO  Car - Speed:   0.0; Angle:  NORTH; Position:  4,18; Parcels:      0; Health:  95.0; Health Usage: 100.0; Fuel: 224.0; Tile: ROAD
2019-05-22 14:01:02 INFO  Car - Speed:   0.0; Angle:  NORTH; Position:  4,18; Parcels:      0; Health:  95.0; Health Usage: 100.0; Fuel: 224.0; Tile: ROAD
2019-05-22 14:01:02 INFO  Car - Speed:   0.0; Angle:  NORTH; Position:  4,18; Parcels:      0; Health:  95.0; Health Usage: 100.0; Fuel: 224.0; Tile: ROAD
2019-05-22 14:01:03 INFO  Car - Speed:   0.0; Angle:  NORTH; Position:  4,18; Parcels:      0; Health:  95.0; Health Usage: 100.0; Fuel: 224.0; Tile: ROAD
2019-05-22 14:01:03 INFO  Car - Speed:   0.0; Angle:  NORTH; Position:  4,18; Parcels:      0; Health:  95.0; Health Usage: 100.0; Fuel: 224.0; Tile: ROAD
2019-05-22 14:01:03 INFO  Car - Speed:   0.0; Angle:  NORTH; Position:  4,18; Parcels:      0; Health:  95.0; Health Usage: 100.0; Fuel: 224.0; Tile: ROAD
2019-05-22 14:01:03 INFO  Car - Speed:   0.0; Angle:  NORTH; Position:  4,18; Parcels:      0; Health:  95.0; Health Usage: 100.0; Fuel: 224.0; Tile: ROAD
2019-05-22 14:01:04 INFO  Car - Speed:   0.0; Angle:  NORTH; Position:  4,18; Parcels:      0; Health:  95.0; Health Usage: 100.0; Fuel: 224.0; Tile: ROAD
2019-05-22 14:01:04 INFO  Car - Speed:   0.0; Angle:  NORTH; Position:  4,18; Parcels:      0; Health:  95.0; Health Usage: 100.0; Fuel: 224.0; Tile: ROAD
2019-05-22 14:01:04 INFO  Car - Speed:   0.0; Angle:  NORTH; Position:  4,18; Parcels:      0; Health:  95.0; Health Usage: 100.0; Fuel: 224.0; Tile: ROAD
2019-05-22 14:01:04 INFO  Car - Speed:   0.0; Angle:  NORTH; Position:  4,18; Parcels:      0; Health:  95.0; Health Usage: 100.0; Fuel: 224.0; Tile: ROAD
2019-05-22 14:01:05 INFO  Car - Speed:   0.0; Angle:  NORTH; Position:  4,18; Parcels:      0; Health:  95.0; Health Usage: 100.0; Fuel: 224.0; Tile: ROAD
2019-05-22 14:01:05 INFO  Car - Speed:   0.0; Angle:  NORTH; Position:  4,18; Parcels:      0; Health:  95.0; Health Usage: 100.0; Fuel: 224.0; Tile: ROAD
2019-05-22 14:01:05 INFO  Car - Speed:   0.0; Angle:  NORTH; Position:  4,18; Parcels:      0; Health:  95.0; Health Usage: 100.0; Fuel: 224.0; Tile: ROAD
2019-05-22 14:01:05 INFO  Car - Speed:   0.0; Angle:  NORTH; Position:  4,18; Parcels:      0; Health:  95.0; Health Usage: 100.0; Fuel: 224.0; Tile: ROAD
2019-05-22 14:01:06 INFO  Car - Speed:   0.0; Angle:  NORTH; Position:  4,18; Parcels:      0; Health:  95.0; Health Usage: 100.0; Fuel: 224.0; Tile: ROAD
2019-05-22 14:01:06 INFO  Car - Speed:   0.0; Angle:  NORTH; Position:  4,18; Parcels:      0; Health:  95.0; Health Usage: 100.0; Fuel: 224.0; Tile: ROAD
2019-05-22 14:01:06 INFO  Car - Speed:   0.0; Angle:  NORTH; Position:  4,18; Parcels:      0; Health:  95.0; Health Usage: 100.0; Fuel: 224.0; Tile: ROAD
2019-05-22 14:01:06 INFO  Car - Speed:   0.0; Angle:  NORTH; Position:  4,18; Parcels:      0; Health:  95.0; Health Usage: 100.0; Fuel: 224.0; Tile: ROAD
2019-05-22 14:01:07 INFO  Car - Speed:   0.0; Angle:  NORTH; Position:  4,18; Parcels:      0; Health:  95.0; Health Usage: 100.0; Fuel: 224.0; Tile: ROAD
2019-05-22 14:01:07 INFO  Car - Speed:   0.0; Angle:  NORTH; Position:  4,18; Parcels:      0; Health:  95.0; Health Usage: 100.0; Fuel: 224.0; Tile: ROAD
2019-05-22 14:01:07 INFO  Car - Speed:   0.0; Angle:  NORTH; Position:  4,18; Parcels:      0; Health:  95.0; Health Usage: 100.0; Fuel: 224.0; Tile: ROAD
2019-05-22 14:01:07 INFO  Car - Speed:   0.0; Angle:  NORTH; Position:  4,18; Parcels:      0; Health:  95.0; Health Usage: 100.0; Fuel: 224.0; Tile: ROAD
2019-05-22 14:01:08 INFO  Car - Speed:   0.0; Angle:  NORTH; Position:  4,18; Parcels:      0; Health:  95.0; Health Usage: 100.0; Fuel: 224.0; Tile: ROAD
2019-05-22 14:01:08 INFO  Car - Speed:   0.0; Angle:  NORTH; Position:  4,18; Parcels:      0; Health:  95.0; Health Usage: 100.0; Fuel: 224.0; Tile: ROAD
2019-05-22 14:01:08 INFO  Car - Speed:   0.0; Angle:  NORTH; Position:  4,18; Parcels:      0; Health:  95.0; Health Usage: 100.0; Fuel: 224.0; Tile: ROAD
2019-05-22 14:01:08 INFO  Car - Speed:   0.0; Angle:  NORTH; Position:  4,18; Parcels:      0; Health:  95.0; Health Usage: 100.0; Fuel: 224.0; Tile: ROAD
2019-05-22 14:01:09 INFO  Car - Speed:   0.0; Angle:  NORTH; Position:  4,18; Parcels:      0; Health:  95.0; Health Usage: 100.0; Fuel: 224.0; Tile: ROAD
2019-05-22 14:01:09 INFO  Car - Speed:   0.0; Angle:  NORTH; Position:  4,18; Parcels:      0; Health:  95.0; Health Usage: 100.0; Fuel: 224.0; Tile: ROAD
2019-05-22 14:01:09 INFO  Car - Speed:   0.0; Angle:  NORTH; Position:  4,18; Parcels:      0; Health:  95.0; Health Usage: 100.0; Fuel: 224.0; Tile: ROAD
2019-05-22 14:01:09 INFO  Car - Speed:   0.0; Angle:  NORTH; Position:  4,18; Parcels:      0; Health:  95.0; Health Usage: 100.0; Fuel: 224.0; Tile: ROAD
2019-05-22 14:01:10 INFO  Car - Speed:   0.0; Angle:  NORTH; Position:  4,18; Parcels:      0; Health:  95.0; Health Usage: 100.0; Fuel: 224.0; Tile: ROAD
2019-05-22 14:01:10 INFO  Car - Speed:   0.0; Angle:  NORTH; Position:  4,18; Parcels:      0; Health:  95.0; Health Usage: 100.0; Fuel: 224.0; Tile: ROAD
2019-05-22 14:01:10 INFO  Car - Speed:   0.0; Angle:  NORTH; Position:  4,18; Parcels:      0; Health:  95.0; Health Usage: 100.0; Fuel: 224.0; Tile: ROAD
2019-05-22 14:01:10 INFO  Car - Speed:   0.0; Angle:  NORTH; Position:  4,18; Parcels:      0; Health:  95.0; Health Usage: 100.0; Fuel: 224.0; Tile: ROAD
2019-05-22 14:01:11 INFO  Car - Speed:   0.0; Angle:  NORTH; Position:  4,18; Parcels:      0; Health:  95.0; Health Usage: 100.0; Fuel: 224.0; Tile: ROAD
2019-05-22 14:01:11 INFO  Car - Speed:   0.0; Angle:  NORTH; Position:  4,18; Parcels:      0; Health:  95.0; Health Usage: 100.0; Fuel: 224.0; Tile: ROAD
2019-05-22 14:01:11 INFO  Car - Speed:   0.0; Angle:  NORTH; Position:  4,18; Parcels:      0; Health:  95.0; Health Usage: 100.0; Fuel: 224.0; Tile: ROAD
2019-05-22 14:01:11 INFO  Car - Speed:   0.0; Angle:  NORTH; Position:  4,18; Parcels:      0; Health:  95.0; Health Usage: 100.0; Fuel: 224.0; Tile: ROAD
2019-05-22 14:01:12 INFO  Car - Speed:   0.0; Angle:  NORTH; Position:  4,18; Parcels:      0; Health:  95.0; Health Usage: 100.0; Fuel: 224.0; Tile: ROAD
2019-05-22 14:01:12 INFO  Car - Speed:   0.0; Angle:  NORTH; Position:  4,18; Parcels:      0; Health:  95.0; Health Usage: 100.0; Fuel: 224.0; Tile: ROAD
2019-05-22 14:01:12 INFO  Car - Speed:   0.0; Angle:  NORTH; Position:  4,18; Parcels:      0; Health:  95.0; Health Usage: 100.0; Fuel: 224.0; Tile: ROAD
2019-05-22 14:01:12 INFO  Car - Speed:   0.0; Angle:  NORTH; Position:  4,18; Parcels:      0; Health:  95.0; Health Usage: 100.0; Fuel: 224.0; Tile: ROAD
2019-05-22 14:01:13 INFO  Car - Speed:   0.0; Angle:  NORTH; Position:  4,18; Parcels:      0; Health:  95.0; Health Usage: 100.0; Fuel: 224.0; Tile: ROAD
2019-05-22 14:01:13 INFO  Car - Speed:   0.0; Angle:  NORTH; Position:  4,18; Parcels:      0; Health:  95.0; Health Usage: 100.0; Fuel: 224.0; Tile: ROAD
2019-05-22 14:01:13 INFO  Car - Speed:   0.0; Angle:  NORTH; Position:  4,18; Parcels:      0; Health:  95.0; Health Usage: 100.0; Fuel: 224.0; Tile: ROAD
2019-05-22 14:01:13 INFO  Car - Speed:   0.0; Angle:  NORTH; Position:  4,18; Parcels:      0; Health:  95.0; Health Usage: 100.0; Fuel: 224.0; Tile: ROAD
2019-05-22 14:01:14 INFO  Car - Speed:   0.0; Angle:  NORTH; Position:  4,18; Parcels:      0; Health:  95.0; Health Usage: 100.0; Fuel: 224.0; Tile: ROAD
2019-05-22 14:01:14 INFO  Car - Speed:   0.0; Angle:  NORTH; Position:  4,18; Parcels:      0; Health:  95.0; Health Usage: 100.0; Fuel: 224.0; Tile: ROAD
2019-05-22 14:01:14 INFO  Car - Speed:   0.0; Angle:  NORTH; Position:  4,18; Parcels:      0; Health:  95.0; Health Usage: 100.0; Fuel: 224.0; Tile: ROAD
2019-05-22 14:01:14 INFO  Car - Speed:   0.0; Angle:  NORTH; Position:  4,18; Parcels:      0; Health:  95.0; Health Usage: 100.0; Fuel: 224.0; Tile: ROAD
2019-05-22 14:01:15 INFO  Car - Speed:   0.0; Angle:  NORTH; Position:  4,18; Parcels:      0; Health:  95.0; Health Usage: 100.0; Fuel: 224.0; Tile: ROAD
2019-05-22 14:01:15 INFO  Car - Speed:   0.0; Angle:  NORTH; Position:  4,18; Parcels:      0; Health:  95.0; Health Usage: 100.0; Fuel: 224.0; Tile: ROAD
2019-05-22 14:01:15 INFO  Car - Speed:   0.0; Angle:  NORTH; Position:  4,18; Parcels:      0; Health:  95.0; Health Usage: 100.0; Fuel: 224.0; Tile: ROAD
2019-05-22 14:01:15 INFO  Car - Speed:   0.0; Angle:  NORTH; Position:  4,18; Parcels:      0; Health:  95.0; Health Usage: 100.0; Fuel: 224.0; Tile: ROAD
2019-05-22 14:01:16 INFO  Car - Speed:   0.0; Angle:  NORTH; Position:  4,18; Parcels:      0; Health:  95.0; Health Usage: 100.0; Fuel: 224.0; Tile: ROAD
2019-05-22 14:01:16 INFO  Car - Speed:   0.0; Angle:  NORTH; Position:  4,18; Parcels:      0; Health:  95.0; Health Usage: 100.0; Fuel: 224.0; Tile: ROAD
2019-05-22 14:01:16 INFO  Car - Speed:   0.0; Angle:  NORTH; Position:  4,18; Parcels:      0; Health:  95.0; Health Usage: 100.0; Fuel: 224.0; Tile: ROAD
2019-05-22 14:01:16 INFO  Car - Speed:   0.0; Angle:  NORTH; Position:  4,18; Parcels:      0; Health:  95.0; Health Usage: 100.0; Fuel: 224.0; Tile: ROAD
2019-05-22 14:01:17 INFO  Car - Speed:   0.0; Angle:  NORTH; Position:  4,18; Parcels:      0; Health:  95.0; Health Usage: 100.0; Fuel: 224.0; Tile: ROAD
2019-05-22 14:01:17 INFO  Car - Speed:   0.0; Angle:  NORTH; Position:  4,18; Parcels:      0; Health:  95.0; Health Usage: 100.0; Fuel: 224.0; Tile: ROAD
2019-05-22 14:01:17 INFO  Car - Speed:   0.0; Angle:  NORTH; Position:  4,18; Parcels:      0; Health:  95.0; Health Usage: 100.0; Fuel: 224.0; Tile: ROAD
2019-05-22 14:01:17 INFO  Car - Speed:   0.0; Angle:  NORTH; Position:  4,18; Parcels:      0; Health:  95.0; Health Usage: 100.0; Fuel: 224.0; Tile: ROAD
2019-05-22 14:01:18 INFO  Car - Speed:   0.0; Angle:  NORTH; Position:  4,18; Parcels:      0; Health:  95.0; Health Usage: 100.0; Fuel: 224.0; Tile: ROAD
2019-05-22 14:01:18 INFO  Car - Speed:   0.0; Angle:  NORTH; Position:  4,18; Parcels:      0; Health:  95.0; Health Usage: 100.0; Fuel: 224.0; Tile: ROAD
2019-05-22 14:01:18 INFO  Car - Speed:   0.0; Angle:  NORTH; Position:  4,18; Parcels:      0; Health:  95.0; Health Usage: 100.0; Fuel: 224.0; Tile: ROAD
2019-05-22 14:01:18 INFO  Car - Speed:   0.0; Angle:  NORTH; Position:  4,18; Parcels:      0; Health:  95.0; Health Usage: 100.0; Fuel: 224.0; Tile: ROAD
2019-05-22 14:01:19 INFO  Car - Speed:   0.0; Angle:  NORTH; Position:  4,18; Parcels:      0; Health:  95.0; Health Usage: 100.0; Fuel: 224.0; Tile: ROAD
2019-05-22 14:01:19 INFO  Car - Speed:   0.0; Angle:  NORTH; Position:  4,18; Parcels:      0; Health:  95.0; Health Usage: 100.0; Fuel: 224.0; Tile: ROAD
2019-05-22 14:01:19 INFO  Car - Speed:   0.0; Angle:  NORTH; Position:  4,18; Parcels:      0; Health:  95.0; Health Usage: 100.0; Fuel: 224.0; Tile: ROAD
2019-05-22 14:01:19 INFO  Car - Speed:   0.0; Angle:  NORTH; Position:  4,18; Parcels:      0; Health:  95.0; Health Usage: 100.0; Fuel: 224.0; Tile: ROAD
2019-05-22 14:01:20 INFO  Car - Speed:   0.0; Angle:  NORTH; Position:  4,18; Parcels:      0; Health:  95.0; Health Usage: 100.0; Fuel: 224.0; Tile: ROAD
2019-05-22 14:01:20 INFO  Car - Speed:   0.0; Angle:  NORTH; Position:  4,18; Parcels:      0; Health:  95.0; Health Usage: 100.0; Fuel: 224.0; Tile: ROAD
2019-05-22 14:01:20 INFO  Car - Speed:   0.0; Angle:  NORTH; Position:  4,18; Parcels:      0; Health:  95.0; Health Usage: 100.0; Fuel: 224.0; Tile: ROAD
2019-05-22 14:01:20 INFO  Car - Speed:   0.0; Angle:  NORTH; Position:  4,18; Parcels:      0; Health:  95.0; Health Usage: 100.0; Fuel: 224.0; Tile: ROAD
2019-05-22 14:01:21 INFO  Car - Speed:   0.0; Angle:  NORTH; Position:  4,18; Parcels:      0; Health:  95.0; Health Usage: 100.0; Fuel: 224.0; Tile: ROAD
2019-05-22 14:01:21 INFO  Car - Speed:   0.0; Angle:  NORTH; Position:  4,18; Parcels:      0; Health:  95.0; Health Usage: 100.0; Fuel: 224.0; Tile: ROAD
2019-05-22 14:01:21 INFO  Car - Speed:   0.0; Angle:  NORTH; Position:  4,18; Parcels:      0; Health:  95.0; Health Usage: 100.0; Fuel: 224.0; Tile: ROAD
2019-05-22 14:01:21 INFO  Car - Speed:   0.0; Angle:  NORTH; Position:  4,18; Parcels:      0; Health:  95.0; Health Usage: 100.0; Fuel: 224.0; Tile: ROAD
2019-05-22 14:01:22 INFO  Car - Speed:   0.0; Angle:  NORTH; Position:  4,18; Parcels:      0; Health:  95.0; Health Usage: 100.0; Fuel: 224.0; Tile: ROAD
2019-05-22 14:01:22 INFO  Car - Speed:   0.0; Angle:  NORTH; Position:  4,18; Parcels:      0; Health:  95.0; Health Usage: 100.0; Fuel: 224.0; Tile: ROAD
2019-05-22 14:01:22 INFO  Car - Speed:   0.0; Angle:  NORTH; Position:  4,18; Parcels:      0; Health:  95.0; Health Usage: 100.0; Fuel: 224.0; Tile: ROAD
2019-05-22 14:01:22 INFO  Car - Speed:   0.0; Angle:  NORTH; Position:  4,18; Parcels:      0; Health:  95.0; Health Usage: 100.0; Fuel: 224.0; Tile: ROAD
2019-05-22 14:01:23 INFO  Car - Speed:   0.0; Angle:  NORTH; Position:  4,18; Parcels:      0; Health:  95.0; Health Usage: 100.0; Fuel: 224.0; Tile: ROAD
2019-05-22 14:01:23 INFO  Car - Speed:   0.0; Angle:  NORTH; Position:  4,18; Parcels:      0; Health:  95.0; Health Usage: 100.0; Fuel: 224.0; Tile: ROAD
2019-05-22 14:01:23 INFO  Car - Speed:   0.0; Angle:  NORTH; Position:  4,18; Parcels:      0; Health:  95.0; Health Usage: 100.0; Fuel: 224.0; Tile: ROAD
2019-05-22 14:01:23 INFO  Car - Speed:   0.0; Angle:  NORTH; Position:  4,18; Parcels:      0; Health:  95.0; Health Usage: 100.0; Fuel: 224.0; Tile: ROAD
2019-05-22 14:01:24 INFO  Car - Speed:   0.0; Angle:  NORTH; Position:  4,18; Parcels:      0; Health:  95.0; Health Usage: 100.0; Fuel: 224.0; Tile: ROAD
2019-05-22 14:01:24 INFO  Car - Speed:   0.0; Angle:  NORTH; Position:  4,18; Parcels:      0; Health:  95.0; Health Usage: 100.0; Fuel: 224.0; Tile: ROAD
2019-05-22 14:01:24 INFO  Car - Speed:   0.0; Angle:  NORTH; Position:  4,18; Parcels:      0; Health:  95.0; Health Usage: 100.0; Fuel: 224.0; Tile: ROAD
2019-05-22 14:01:24 INFO  Car - Speed:   0.0; Angle:  NORTH; Position:  4,18; Parcels:      0; Health:  95.0; Health Usage: 100.0; Fuel: 224.0; Tile: ROAD
2019-05-22 14:01:25 INFO  Car - Speed:   0.0; Angle:  NORTH; Position:  4,18; Parcels:      0; Health:  95.0; Health Usage: 100.0; Fuel: 224.0; Tile: ROAD
2019-05-22 14:01:25 INFO  Car - Speed:   0.0; Angle:  NORTH; Position:  4,18; Parcels:      0; Health:  95.0; Health Usage: 100.0; Fuel: 224.0; Tile: ROAD
2019-05-22 14:01:25 INFO  Car - Speed:   0.0; Angle:  NORTH; Position:  4,18; Parcels:      0; Health:  95.0; Health Usage: 100.0; Fuel: 224.0; Tile: ROAD
2019-05-22 14:01:25 INFO  Car - Speed:   0.0; Angle:  NORTH; Position:  4,18; Parcels:      0; Health:  95.0; Health Usage: 100.0; Fuel: 224.0; Tile: ROAD
2019-05-22 14:01:26 INFO  Car - Speed:   0.0; Angle:  NORTH; Position:  4,18; Parcels:      0; Health:  95.0; Health Usage: 100.0; Fuel: 224.0; Tile: ROAD
2019-05-22 14:01:26 INFO  Car - Speed:   0.0; Angle:  NORTH; Position:  4,18; Parcels:      0; Health:  95.0; Health Usage: 100.0; Fuel: 224.0; Tile: ROAD
2019-05-22 14:01:26 INFO  Car - Speed:   0.0; Angle:  NORTH; Position:  4,18; Parcels:      0; Health:  95.0; Health Usage: 100.0; Fuel: 224.0; Tile: ROAD
2019-05-22 14:01:26 INFO  Car - Speed:   0.0; Angle:  NORTH; Position:  4,18; Parcels:      0; Health:  95.0; Health Usage: 100.0; Fuel: 224.0; Tile: ROAD
2019-05-22 14:01:27 INFO  Car - Speed:   0.0; Angle:  NORTH; Position:  4,18; Parcels:      0; Health:  95.0; Health Usage: 100.0; Fuel: 224.0; Tile: ROAD
2019-05-22 14:01:27 INFO  Car - Speed:   0.0; Angle:  NORTH; Position:  4,18; Parcels:      0; Health:  95.0; Health Usage: 100.0; Fuel: 224.0; Tile: ROAD
2019-05-22 14:01:27 INFO  Car - Speed:   0.0; Angle:  NORTH; Position:  4,18; Parcels:      0; Health:  95.0; Health Usage: 100.0; Fuel: 224.0; Tile: ROAD
2019-05-22 14:01:27 INFO  Car - Speed:   0.0; Angle:  NORTH; Position:  4,18; Parcels:      0; Health:  95.0; Health Usage: 100.0; Fuel: 224.0; Tile: ROAD
2019-05-22 14:01:28 INFO  Car - Speed:   0.0; Angle:  NORTH; Position:  4,18; Parcels:      0; Health:  95.0; Health Usage: 100.0; Fuel: 224.0; Tile: ROAD
2019-05-22 14:01:28 INFO  Car - Speed:   0.0; Angle:  NORTH; Position:  4,18; Parcels:      0; Health:  95.0; Health Usage: 100.0; Fuel: 224.0; Tile: ROAD
2019-05-22 14:01:28 INFO  Car - Speed:   0.0; Angle:  NORTH; Position:  4,18; Parcels:      0; Health:  95.0; Health Usage: 100.0; Fuel: 224.0; Tile: ROAD
2019-05-22 14:01:28 INFO  Car - Speed:   0.0; Angle:  NORTH; Position:  4,18; Parcels:      0; Health:  95.0; Health Usage: 100.0; Fuel: 224.0; Tile: ROAD
2019-05-22 14:01:29 INFO  Car - Speed:   0.0; Angle:  NORTH; Position:  4,18; Parcels:      0; Health:  95.0; Health Usage: 100.0; Fuel: 224.0; Tile: ROAD
2019-05-22 14:01:29 INFO  Car - Speed:   0.0; Angle:  NORTH; Position:  4,18; Parcels:      0; Health:  95.0; Health Usage: 100.0; Fuel: 224.0; Tile: ROAD
2019-05-22 14:01:29 INFO  Car - Speed:   0.0; Angle:  NORTH; Position:  4,18; Parcels:      0; Health:  95.0; Health Usage: 100.0; Fuel: 224.0; Tile: ROAD
2019-05-22 14:01:29 INFO  Car - Speed:   0.0; Angle:  NORTH; Position:  4,18; Parcels:      0; Health:  95.0; Health Usage: 100.0; Fuel: 224.0; Tile: ROAD
2019-05-22 14:01:30 INFO  Car - Speed:   0.0; Angle:  NORTH; Position:  4,18; Parcels:      0; Health:  95.0; Health Usage: 100.0; Fuel: 224.0; Tile: ROAD
2019-05-22 14:01:30 INFO  Car - Speed:   0.0; Angle:  NORTH; Position:  4,18; Parcels:      0; Health:  95.0; Health Usage: 100.0; Fuel: 224.0; Tile: ROAD
2019-05-22 14:01:30 INFO  Car - Speed:   0.0; Angle:  NORTH; Position:  4,18; Parcels:      0; Health:  95.0; Health Usage: 100.0; Fuel: 224.0; Tile: ROAD
2019-05-22 14:01:30 INFO  Car - Speed:   0.0; Angle:  NORTH; Position:  4,18; Parcels:      0; Health:  95.0; Health Usage: 100.0; Fuel: 224.0; Tile: ROAD
2019-05-22 14:01:31 INFO  Car - Speed:   0.0; Angle:  NORTH; Position:  4,18; Parcels:      0; Health:  95.0; Health Usage: 100.0; Fuel: 224.0; Tile: ROAD
2019-05-22 14:01:31 INFO  Car - Speed:   0.0; Angle:  NORTH; Position:  4,18; Parcels:      0; Health:  95.0; Health Usage: 100.0; Fuel: 224.0; Tile: ROAD
2019-05-22 14:01:31 INFO  Car - Speed:   0.0; Angle:  NORTH; Position:  4,18; Parcels:      0; Health:  95.0; Health Usage: 100.0; Fuel: 224.0; Tile: ROAD
2019-05-22 14:01:31 INFO  Car - Speed:   0.0; Angle:  NORTH; Position:  4,18; Parcels:      0; Health:  95.0; Health Usage: 100.0; Fuel: 224.0; Tile: ROAD
2019-05-22 14:01:32 INFO  Car - Speed:   0.0; Angle:  NORTH; Position:  4,18; Parcels:      0; Health:  95.0; Health Usage: 100.0; Fuel: 224.0; Tile: ROAD
2019-05-22 14:01:32 INFO  Car - Speed:   0.0; Angle:  NORTH; Position:  4,18; Parcels:      0; Health:  95.0; Health Usage: 100.0; Fuel: 224.0; Tile: ROAD
2019-05-22 14:01:32 INFO  Car - Speed:   0.0; Angle:  NORTH; Position:  4,18; Parcels:      0; Health:  95.0; Health Usage: 100.0; Fuel: 224.0; Tile: ROAD
2019-05-22 14:01:32 INFO  Car - Speed:   0.0; Angle:  NORTH; Position:  4,18; Parcels:      0; Health:  95.0; Health Usage: 100.0; Fuel: 224.0; Tile: ROAD
2019-05-22 14:01:33 INFO  Car - Speed:   0.0; Angle:  NORTH; Position:  4,18; Parcels:      0; Health:  95.0; Health Usage: 100.0; Fuel: 224.0; Tile: ROAD
2019-05-22 14:01:33 INFO  Car - Speed:   0.0; Angle:  NORTH; Position:  4,18; Parcels:      0; Health:  95.0; Health Usage: 100.0; Fuel: 224.0; Tile: ROAD
2019-05-22 14:01:33 INFO  Car - Speed:   0.0; Angle:  NORTH; Position:  4,18; Parcels:      0; Health:  95.0; Health Usage: 100.0; Fuel: 224.0; Tile: ROAD
2019-05-22 14:01:33 INFO  Car - Speed:   0.0; Angle:  NORTH; Position:  4,18; Parcels:      0; Health:  95.0; Health Usage: 100.0; Fuel: 224.0; Tile: ROAD
2019-05-22 14:01:34 INFO  Car - Speed:   0.0; Angle:  NORTH; Position:  4,18; Parcels:      0; Health:  95.0; Health Usage: 100.0; Fuel: 224.0; Tile: ROAD
2019-05-22 14:01:34 INFO  Car - Speed:   0.0; Angle:  NORTH; Position:  4,18; Parcels:      0; Health:  95.0; Health Usage: 100.0; Fuel: 224.0; Tile: ROAD
2019-05-22 14:01:34 INFO  Car - Speed:   0.0; Angle:  NORTH; Position:  4,18; Parcels:      0; Health:  95.0; Health Usage: 100.0; Fuel: 224.0; Tile: ROAD
2019-05-22 14:01:34 INFO  Car - Speed:   0.0; Angle:  NORTH; Position:  4,18; Parcels:      0; Health:  95.0; Health Usage: 100.0; Fuel: 224.0; Tile: ROAD
2019-05-22 14:01:35 INFO  Car - Speed:   0.0; Angle:  NORTH; Position:  4,18; Parcels:      0; Health:  95.0; Health Usage: 100.0; Fuel: 224.0; Tile: ROAD
2019-05-22 14:01:35 INFO  Car - Speed:   0.0; Angle:  NORTH; Position:  4,18; Parcels:      0; Health:  95.0; Health Usage: 100.0; Fuel: 224.0; Tile: ROAD
2019-05-22 14:01:35 INFO  Car - Speed:   0.0; Angle:  NORTH; Position:  4,18; Parcels:      0; Health:  95.0; Health Usage: 100.0; Fuel: 224.0; Tile: ROAD
2019-05-22 14:01:35 INFO  Car - Speed:   0.0; Angle:  NORTH; Position:  4,18; Parcels:      0; Health:  95.0; Health Usage: 100.0; Fuel: 224.0; Tile: ROAD
2019-05-22 14:01:36 INFO  Car - Speed:   0.0; Angle:  NORTH; Position:  4,18; Parcels:      0; Health:  95.0; Health Usage: 100.0; Fuel: 224.0; Tile: ROAD
2019-05-22 14:01:36 INFO  Car - Speed:   0.0; Angle:  NORTH; Position:  4,18; Parcels:      0; Health:  95.0; Health Usage: 100.0; Fuel: 224.0; Tile: ROAD
2019-05-22 14:01:36 INFO  Car - Speed:   0.0; Angle:  NORTH; Position:  4,18; Parcels:      0; Health:  95.0; Health Usage: 100.0; Fuel: 224.0; Tile: ROAD
2019-05-22 14:01:36 INFO  Car - Speed:   0.0; Angle:  NORTH; Position:  4,18; Parcels:      0; Health:  95.0; Health Usage: 100.0; Fuel: 224.0; Tile: ROAD
2019-05-22 14:01:37 INFO  Car - Speed:   0.0; Angle:  NORTH; Position:  4,18; Parcels:      0; Health:  95.0; Health Usage: 100.0; Fuel: 224.0; Tile: ROAD
2019-05-22 14:01:37 INFO  Car - Speed:   0.0; Angle:  NORTH; Position:  4,18; Parcels:      0; Health:  95.0; Health Usage: 100.0; Fuel: 224.0; Tile: ROAD
2019-05-22 14:01:37 INFO  Car - Speed:   0.0; Angle:  NORTH; Position:  4,18; Parcels:      0; Health:  95.0; Health Usage: 100.0; Fuel: 224.0; Tile: ROAD
2019-05-22 14:01:37 INFO  Car - Speed:   0.0; Angle:  NORTH; Position:  4,18; Parcels:      0; Health:  95.0; Health Usage: 100.0; Fuel: 224.0; Tile: ROAD
2019-05-22 14:01:38 INFO  Car - Speed:   0.0; Angle:  NORTH; Position:  4,18; Parcels:      0; Health:  95.0; Health Usage: 100.0; Fuel: 224.0; Tile: ROAD
2019-05-22 14:01:38 INFO  Car - Speed:   0.0; Angle:  NORTH; Position:  4,18; Parcels:      0; Health:  95.0; Health Usage: 100.0; Fuel: 224.0; Tile: ROAD
2019-05-22 14:01:38 INFO  Car - Speed:   0.0; Angle:  NORTH; Position:  4,18; Parcels:      0; Health:  95.0; Health Usage: 100.0; Fuel: 224.0; Tile: ROAD
2019-05-22 14:01:38 INFO  Car - Speed:   0.0; Angle:  NORTH; Position:  4,18; Parcels:      0; Health:  95.0; Health Usage: 100.0; Fuel: 224.0; Tile: ROAD
2019-05-22 14:01:39 INFO  Car - Speed:   0.0; Angle:  NORTH; Position:  4,18; Parcels:      0; Health:  95.0; Health Usage: 100.0; Fuel: 224.0; Tile: ROAD
2019-05-22 14:01:39 INFO  Car - Speed:   0.0; Angle:  NORTH; Position:  4,18; Parcels:      0; Health:  95.0; Health Usage: 100.0; Fuel: 224.0; Tile: ROAD
2019-05-22 14:01:39 INFO  Car - Speed:   0.0; Angle:  NORTH; Position:  4,18; Parcels:      0; Health:  95.0; Health Usage: 100.0; Fuel: 224.0; Tile: ROAD
2019-05-22 14:01:39 INFO  Car - Speed:   0.0; Angle:  NORTH; Position:  4,18; Parcels:      0; Health:  95.0; Health Usage: 100.0; Fuel: 224.0; Tile: ROAD
2019-05-22 14:01:40 INFO  Car - Speed:   0.0; Angle:  NORTH; Position:  4,18; Parcels:      0; Health:  95.0; Health Usage: 100.0; Fuel: 224.0; Tile: ROAD
2019-05-22 14:01:40 INFO  Car - Speed:   0.0; Angle:  NORTH; Position:  4,18; Parcels:      0; Health:  95.0; Health Usage: 100.0; Fuel: 224.0; Tile: ROAD
2019-05-22 14:01:40 INFO  Car - Speed:   0.0; Angle:  NORTH; Position:  4,18; Parcels:      0; Health:  95.0; Health Usage: 100.0; Fuel: 224.0; Tile: ROAD
2019-05-22 14:01:40 INFO  Car - Speed:   0.0; Angle:  NORTH; Position:  4,18; Parcels:      0; Health:  95.0; Health Usage: 100.0; Fuel: 224.0; Tile: ROAD
2019-05-22 14:01:41 INFO  Car - Speed:   0.0; Angle:  NORTH; Position:  4,18; Parcels:      0; Health:  95.0; Health Usage: 100.0; Fuel: 224.0; Tile: ROAD
2019-05-22 14:01:41 INFO  Car - Speed:   0.0; Angle:  NORTH; Position:  4,18; Parcels:      0; Health:  95.0; Health Usage: 100.0; Fuel: 224.0; Tile: ROAD
2019-05-22 14:01:41 INFO  Car - Speed:   0.0; Angle:  NORTH; Position:  4,18; Parcels:      0; Health:  95.0; Health Usage: 100.0; Fuel: 224.0; Tile: ROAD
2019-05-22 14:01:41 INFO  Car - Speed:   0.0; Angle:  NORTH; Position:  4,18; Parcels:      0; Health:  95.0; Health Usage: 100.0; Fuel: 224.0; Tile: ROAD
2019-05-22 14:01:42 INFO  Car - Speed:   0.0; Angle:  NORTH; Position:  4,18; Parcels:      0; Health:  95.0; Health Usage: 100.0; Fuel: 224.0; Tile: ROAD
2019-05-22 14:01:42 INFO  Car - Speed:   0.0; Angle:  NORTH; Position:  4,18; Parcels:      0; Health:  95.0; Health Usage: 100.0; Fuel: 224.0; Tile: ROAD
2019-05-22 14:01:42 INFO  Car - Speed:   0.0; Angle:  NORTH; Position:  4,18; Parcels:      0; Health:  95.0; Health Usage: 100.0; Fuel: 224.0; Tile: ROAD
2019-05-22 14:01:42 INFO  Car - Speed:   0.0; Angle:  NORTH; Position:  4,18; Parcels:      0; Health:  95.0; Health Usage: 100.0; Fuel: 224.0; Tile: ROAD
2019-05-22 14:01:43 INFO  Car - Speed:   0.0; Angle:  NORTH; Position:  4,18; Parcels:      0; Health:  95.0; Health Usage: 100.0; Fuel: 224.0; Tile: ROAD
2019-05-22 14:01:43 INFO  Car - Speed:   0.0; Angle:  NORTH; Position:  4,18; Parcels:      0; Health:  95.0; Health Usage: 100.0; Fuel: 224.0; Tile: ROAD
2019-05-22 14:01:43 INFO  Car - Speed:   0.0; Angle:  NORTH; Position:  4,18; Parcels:      0; Health:  95.0; Health Usage: 100.0; Fuel: 224.0; Tile: ROAD
2019-05-22 14:01:43 INFO  Car - Speed:   0.0; Angle:  NORTH; Position:  4,18; Parcels:      0; Health:  95.0; Health Usage: 100.0; Fuel: 224.0; Tile: ROAD
2019-05-22 14:01:44 INFO  Car - Speed:   0.0; Angle:  NORTH; Position:  4,18; Parcels:      0; Health:  95.0; Health Usage: 100.0; Fuel: 224.0; Tile: ROAD
2019-05-22 14:01:44 INFO  Car - Speed:   0.0; Angle:  NORTH; Position:  4,18; Parcels:      0; Health:  95.0; Health Usage: 100.0; Fuel: 224.0; Tile: ROAD
2019-05-22 14:01:44 INFO  Car - Speed:   0.0; Angle:  NORTH; Position:  4,18; Parcels:      0; Health:  95.0; Health Usage: 100.0; Fuel: 224.0; Tile: ROAD
2019-05-22 14:01:44 INFO  Car - Speed:   0.0; Angle:  NORTH; Position:  4,18; Parcels:      0; Health:  95.0; Health Usage: 100.0; Fuel: 224.0; Tile: ROAD
2019-05-22 14:01:45 INFO  Car - Speed:   0.0; Angle:  NORTH; Position:  4,18; Parcels:      0; Health:  95.0; Health Usage: 100.0; Fuel: 224.0; Tile: ROAD
2019-05-22 14:01:45 INFO  Car - Speed:   0.0; Angle:  NORTH; Position:  4,18; Parcels:      0; Health:  95.0; Health Usage: 100.0; Fuel: 224.0; Tile: ROAD
2019-05-22 14:01:45 INFO  Car - Speed:   0.0; Angle:  NORTH; Position:  4,18; Parcels:      0; Health:  95.0; Health Usage: 100.0; Fuel: 224.0; Tile: ROAD
2019-05-22 14:01:45 INFO  Car - Speed:   0.0; Angle:  NORTH; Position:  4,18; Parcels:      0; Health:  95.0; Health Usage: 100.0; Fuel: 224.0; Tile: ROAD
2019-05-22 14:01:46 INFO  Car - Speed:   0.0; Angle:  NORTH; Position:  4,18; Parcels:      0; Health:  95.0; Health Usage: 100.0; Fuel: 224.0; Tile: ROAD
2019-05-22 14:01:46 INFO  Car - Speed:   0.0; Angle:  NORTH; Position:  4,18; Parcels:      0; Health:  95.0; Health Usage: 100.0; Fuel: 224.0; Tile: ROAD
2019-05-22 14:01:46 INFO  Car - Speed:   0.0; Angle:  NORTH; Position:  4,18; Parcels:      0; Health:  95.0; Health Usage: 100.0; Fuel: 224.0; Tile: ROAD
2019-05-22 14:01:46 INFO  Car - Speed:   0.0; Angle:  NORTH; Position:  4,18; Parcels:      0; Health:  95.0; Health Usage: 100.0; Fuel: 224.0; Tile: ROAD
2019-05-22 14:01:47 INFO  Car - Speed:   0.0; Angle:  NORTH; Position:  4,18; Parcels:      0; Health:  95.0; Health Usage: 100.0; Fuel: 224.0; Tile: ROAD
2019-05-22 14:01:47 INFO  Car - Speed:   0.0; Angle:  NORTH; Position:  4,18; Parcels:      0; Health:  95.0; Health Usage: 100.0; Fuel: 224.0; Tile: ROAD
2019-05-22 14:01:47 INFO  Car - Speed:   0.0; Angle:  NORTH; Position:  4,18; Parcels:      0; Health:  95.0; Health Usage: 100.0; Fuel: 224.0; Tile: ROAD
2019-05-22 14:01:47 INFO  Car - Speed:   0.0; Angle:  NORTH; Position:  4,18; Parcels:      0; Health:  95.0; Health Usage: 100.0; Fuel: 224.0; Tile: ROAD
2019-05-22 14:01:48 INFO  Car - Speed:   0.0; Angle:  NORTH; Position:  4,18; Parcels:      0; Health:  95.0; Health Usage: 100.0; Fuel: 224.0; Tile: ROAD
2019-05-22 14:01:48 INFO  Car - Speed:   0.0; Angle:  NORTH; Position:  4,18; Parcels:      0; Health:  95.0; Health Usage: 100.0; Fuel: 224.0; Tile: ROAD
2019-05-22 14:01:48 INFO  Car - Speed:   0.0; Angle:  NORTH; Position:  4,18; Parcels:      0; Health:  95.0; Health Usage: 100.0; Fuel: 224.0; Tile: ROAD
2019-05-22 14:01:48 INFO  Car - Speed:   0.0; Angle:  NORTH; Position:  4,18; Parcels:      0; Health:  95.0; Health Usage: 100.0; Fuel: 224.0; Tile: ROAD
2019-05-22 14:01:49 INFO  Car - Speed:   0.0; Angle:  NORTH; Position:  4,18; Parcels:      0; Health:  95.0; Health Usage: 100.0; Fuel: 224.0; Tile: ROAD
2019-05-22 14:01:49 INFO  Car - Speed:   0.0; Angle:  NORTH; Position:  4,18; Parcels:      0; Health:  95.0; Health Usage: 100.0; Fuel: 224.0; Tile: ROAD
2019-05-22 14:01:49 INFO  Car - Speed:   0.0; Angle:  NORTH; Position:  4,18; Parcels:      0; Health:  95.0; Health Usage: 100.0; Fuel: 224.0; Tile: ROAD
2019-05-22 14:01:49 INFO  Car - Speed:   0.0; Angle:  NORTH; Position:  4,18; Parcels:      0; Health:  95.0; Health Usage: 100.0; Fuel: 224.0; Tile: ROAD
2019-05-22 14:01:50 INFO  Car - Speed:   0.0; Angle:  NORTH; Position:  4,18; Parcels:      0; Health:  95.0; Health Usage: 100.0; Fuel: 224.0; Tile: ROAD
2019-05-22 14:01:50 INFO  Car - Speed:   0.0; Angle:  NORTH; Position:  4,18; Parcels:      0; Health:  95.0; Health Usage: 100.0; Fuel: 224.0; Tile: ROAD
2019-05-22 14:01:50 INFO  Car - Speed:   0.0; Angle:  NORTH; Position:  4,18; Parcels:      0; Health:  95.0; Health Usage: 100.0; Fuel: 224.0; Tile: ROAD
2019-05-22 14:01:50 INFO  Car - Speed:   0.0; Angle:  NORTH; Position:  4,18; Parcels:      0; Health:  95.0; Health Usage: 100.0; Fuel: 224.0; Tile: ROAD
2019-05-22 14:01:51 INFO  Car - Speed:   0.0; Angle:  NORTH; Position:  4,18; Parcels:      0; Health:  95.0; Health Usage: 100.0; Fuel: 224.0; Tile: ROAD
2019-05-22 14:01:51 INFO  Car - Speed:   0.0; Angle:  NORTH; Position:  4,18; Parcels:      0; Health:  95.0; Health Usage: 100.0; Fuel: 224.0; Tile: ROAD
2019-05-22 14:01:51 INFO  Car - Speed:   0.0; Angle:  NORTH; Position:  4,18; Parcels:      0; Health:  95.0; Health Usage: 100.0; Fuel: 224.0; Tile: ROAD
2019-05-22 14:01:51 INFO  Car - Speed:   0.0; Angle:  NORTH; Position:  4,18; Parcels:      0; Health:  95.0; Health Usage: 100.0; Fuel: 224.0; Tile: ROAD
2019-05-22 14:01:52 INFO  Car - Speed:   0.0; Angle:  NORTH; Position:  4,18; Parcels:      0; Health:  95.0; Health Usage: 100.0; Fuel: 224.0; Tile: ROAD
2019-05-22 14:01:52 INFO  Car - Speed:   0.0; Angle:  NORTH; Position:  4,18; Parcels:      0; Health:  95.0; Health Usage: 100.0; Fuel: 224.0; Tile: ROAD
2019-05-22 14:01:52 INFO  Car - Speed:   0.0; Angle:  NORTH; Position:  4,18; Parcels:      0; Health:  95.0; Health Usage: 100.0; Fuel: 224.0; Tile: ROAD
2019-05-22 14:01:52 INFO  Car - Speed:   0.0; Angle:  NORTH; Position:  4,18; Parcels:      0; Health:  95.0; Health Usage: 100.0; Fuel: 224.0; Tile: ROAD
2019-05-22 14:01:53 INFO  Car - Speed:   0.0; Angle:  NORTH; Position:  4,18; Parcels:      0; Health:  95.0; Health Usage: 100.0; Fuel: 224.0; Tile: ROAD
2019-05-22 14:01:53 INFO  Car - Speed:   0.0; Angle:  NORTH; Position:  4,18; Parcels:      0; Health:  95.0; Health Usage: 100.0; Fuel: 224.0; Tile: ROAD
2019-05-22 14:01:53 INFO  Car - Speed:   0.0; Angle:  NORTH; Position:  4,18; Parcels:      0; Health:  95.0; Health Usage: 100.0; Fuel: 224.0; Tile: ROAD
2019-05-22 14:01:53 INFO  Car - Speed:   0.0; Angle:  NORTH; Position:  4,18; Parcels:      0; Health:  95.0; Health Usage: 100.0; Fuel: 224.0; Tile: ROAD
2019-05-22 14:01:54 INFO  Car - Speed:   0.0; Angle:  NORTH; Position:  4,18; Parcels:      0; Health:  95.0; Health Usage: 100.0; Fuel: 224.0; Tile: ROAD
2019-05-22 14:01:54 INFO  Car - Speed:   0.0; Angle:  NORTH; Position:  4,18; Parcels:      0; Health:  95.0; Health Usage: 100.0; Fuel: 224.0; Tile: ROAD
2019-05-22 14:01:54 INFO  Car - Speed:   0.0; Angle:  NORTH; Position:  4,18; Parcels:      0; Health:  95.0; Health Usage: 100.0; Fuel: 224.0; Tile: ROAD
2019-05-22 14:01:54 INFO  Car - Speed:   0.0; Angle:  NORTH; Position:  4,18; Parcels:      0; Health:  95.0; Health Usage: 100.0; Fuel: 224.0; Tile: ROAD
2019-05-22 14:01:55 INFO  Car - Speed:   0.0; Angle:  NORTH; Position:  4,18; Parcels:      0; Health:  95.0; Health Usage: 100.0; Fuel: 224.0; Tile: ROAD
2019-05-22 14:01:55 INFO  Car - Speed:   0.0; Angle:  NORTH; Position:  4,18; Parcels:      0; Health:  95.0; Health Usage: 100.0; Fuel: 224.0; Tile: ROAD
2019-05-22 14:01:55 INFO  Car - Speed:   0.0; Angle:  NORTH; Position:  4,18; Parcels:      0; Health:  95.0; Health Usage: 100.0; Fuel: 224.0; Tile: ROAD
2019-05-22 14:01:55 INFO  Car - Speed:   0.0; Angle:  NORTH; Position:  4,18; Parcels:      0; Health:  95.0; Health Usage: 100.0; Fuel: 224.0; Tile: ROAD
2019-05-22 14:01:56 INFO  Car - Speed:   0.0; Angle:  NORTH; Position:  4,18; Parcels:      0; Health:  95.0; Health Usage: 100.0; Fuel: 224.0; Tile: ROAD
2019-05-22 14:01:56 INFO  Car - Speed:   0.0; Angle:  NORTH; Position:  4,18; Parcels:      0; Health:  95.0; Health Usage: 100.0; Fuel: 224.0; Tile: ROAD
2019-05-22 14:01:56 INFO  Car - Speed:   0.0; Angle:  NORTH; Position:  4,18; Parcels:      0; Health:  95.0; Health Usage: 100.0; Fuel: 224.0; Tile: ROAD
2019-05-22 14:01:56 INFO  Car - Speed:   0.0; Angle:  NORTH; Position:  4,18; Parcels:      0; Health:  95.0; Health Usage: 100.0; Fuel: 224.0; Tile: ROAD
2019-05-22 14:01:57 INFO  Car - Speed:   0.0; Angle:  NORTH; Position:  4,18; Parcels:      0; Health:  95.0; Health Usage: 100.0; Fuel: 224.0; Tile: ROAD
2019-05-22 14:01:57 INFO  Car - Speed:   0.0; Angle:  NORTH; Position:  4,18; Parcels:      0; Health:  95.0; Health Usage: 100.0; Fuel: 224.0; Tile: ROAD
2019-05-22 14:01:57 INFO  Car - Speed:   0.0; Angle:  NORTH; Position:  4,18; Parcels:      0; Health:  95.0; Health Usage: 100.0; Fuel: 224.0; Tile: ROAD
2019-05-22 14:01:57 INFO  Car - Speed:   0.0; Angle:  NORTH; Position:  4,18; Parcels:      0; Health:  95.0; Health Usage: 100.0; Fuel: 224.0; Tile: ROAD
2019-05-22 14:01:58 INFO  Car - Speed:   0.0; Angle:  NORTH; Position:  4,18; Parcels:      0; Health:  95.0; Health Usage: 100.0; Fuel: 224.0; Tile: ROAD
2019-05-22 14:01:58 INFO  Car - Speed:   0.0; Angle:  NORTH; Position:  4,18; Parcels:      0; Health:  95.0; Health Usage: 100.0; Fuel: 224.0; Tile: ROAD
2019-05-22 14:01:58 INFO  Car - Speed:   0.0; Angle:  NORTH; Position:  4,18; Parcels:      0; Health:  95.0; Health Usage: 100.0; Fuel: 224.0; Tile: ROAD
2019-05-22 14:01:58 INFO  Car - Speed:   0.0; Angle:  NORTH; Position:  4,18; Parcels:      0; Health:  95.0; Health Usage: 100.0; Fuel: 224.0; Tile: ROAD
2019-05-22 14:01:59 INFO  Car - Speed:   0.0; Angle:  NORTH; Position:  4,18; Parcels:      0; Health:  95.0; Health Usage: 100.0; Fuel: 224.0; Tile: ROAD
2019-05-22 14:01:59 INFO  Car - Speed:   0.0; Angle:  NORTH; Position:  4,18; Parcels:      0; Health:  95.0; Health Usage: 100.0; Fuel: 224.0; Tile: ROAD
2019-05-22 14:01:59 INFO  Car - Speed:   0.0; Angle:  NORTH; Position:  4,18; Parcels:      0; Health:  95.0; Health Usage: 100.0; Fuel: 224.0; Tile: ROAD
2019-05-22 14:01:59 INFO  Car - Speed:   0.0; Angle:  NORTH; Position:  4,18; Parcels:      0; Health:  95.0; Health Usage: 100.0; Fuel: 224.0; Tile: ROAD
2019-05-22 14:02:00 INFO  Car - Speed:   0.0; Angle:  NORTH; Position:  4,18; Parcels:      0; Health:  95.0; Health Usage: 100.0; Fuel: 224.0; Tile: ROAD
2019-05-22 14:02:00 INFO  Car - Speed:   0.0; Angle:  NORTH; Position:  4,18; Parcels:      0; Health:  95.0; Health Usage: 100.0; Fuel: 224.0; Tile: ROAD
2019-05-22 14:02:00 INFO  Car - Speed:   0.0; Angle:  NORTH; Position:  4,18; Parcels:      0; Health:  95.0; Health Usage: 100.0; Fuel: 224.0; Tile: ROAD
2019-05-22 14:02:00 INFO  Car - Speed:   0.0; Angle:  NORTH; Position:  4,18; Parcels:      0; Health:  95.0; Health Usage: 100.0; Fuel: 224.0; Tile: ROAD
2019-05-22 14:02:01 INFO  Car - Speed:   0.0; Angle:  NORTH; Position:  4,18; Parcels:      0; Health:  95.0; Health Usage: 100.0; Fuel: 224.0; Tile: ROAD
2019-05-22 14:02:01 INFO  Car - Speed:   1.0; Angle:  NORTH; Position:  4,17; Parcels:      0; Health:  95.0; Health Usage: 100.0; Fuel: 223.0; Tile: ROAD
2019-05-22 14:02:01 INFO  Car - Speed:   1.0; Angle:  NORTH; Position:  4,16; Parcels:      0; Health:  95.0; Health Usage: 100.0; Fuel: 222.0; Tile: ROAD
2019-05-22 14:02:01 INFO  Car - Speed:   1.0; Angle:  NORTH; Position:  4,15; Parcels:      0; Health:  95.0; Health Usage: 100.0; Fuel: 221.0; Tile: ROAD
2019-05-22 14:02:02 INFO  Car - Speed:   1.0; Angle:   WEST; Position:  5,15; Parcels:      1; Health:  95.0; Health Usage: 100.0; Fuel: 220.0; Tile: ROAD
2019-05-22 14:02:02 INFO  Car - Speed:   1.0; Angle:   WEST; Position:  6,15; Parcels:      1; Health:  95.0; Health Usage: 100.0; Fuel: 219.0; Tile: ROAD
2019-05-22 14:02:02 INFO  Car - Speed:   1.0; Angle:   WEST; Position:  7,15; Parcels:      1; Health:  95.0; Health Usage: 100.0; Fuel: 218.0; Tile: ROAD
2019-05-22 14:02:02 INFO  Car - Speed:   1.0; Angle:   WEST; Position:  8,15; Parcels:      1; Health:  95.0; Health Usage: 100.0; Fuel: 217.0; Tile: ROAD
2019-05-22 14:02:03 INFO  Car - Speed:   1.0; Angle:   WEST; Position:  9,15; Parcels:      1; Health:  95.0; Health Usage: 100.0; Fuel: 216.0; Tile: ROAD
2019-05-22 14:02:03 INFO  Car - Speed:   1.0; Angle:  NORTH; Position:  9,14; Parcels:      1; Health:  95.0; Health Usage: 100.0; Fuel: 215.0; Tile: ROAD
2019-05-22 14:02:03 INFO  Car - Speed:   1.0; Angle:  NORTH; Position:  9,13; Parcels:      1; Health:  95.0; Health Usage: 100.0; Fuel: 214.0; Tile: ROAD
2019-05-22 14:02:03 INFO  Car - Speed:   0.0; Angle:  NORTH; Position:  9,13; Parcels:      1; Health:  90.0; Health Usage: 100.0; Fuel: 213.0; Tile: ROAD
2019-05-22 14:02:04 INFO  Car - Speed:   0.0; Angle:  NORTH; Position:  9,13; Parcels:      1; Health:  90.0; Health Usage: 100.0; Fuel: 213.0; Tile: ROAD
2019-05-22 14:02:04 INFO  Car - Speed:   0.0; Angle:  NORTH; Position:  9,13; Parcels:      1; Health:  90.0; Health Usage: 100.0; Fuel: 213.0; Tile: ROAD
2019-05-22 14:02:04 INFO  Car - Speed:   0.0; Angle:  NORTH; Position:  9,13; Parcels:      1; Health:  90.0; Health Usage: 100.0; Fuel: 213.0; Tile: ROAD
2019-05-22 14:02:04 INFO  Car - Speed:   0.0; Angle:  NORTH; Position:  9,13; Parcels:      1; Health:  90.0; Health Usage: 100.0; Fuel: 213.0; Tile: ROAD
2019-05-22 14:02:05 INFO  Car - Speed:   0.0; Angle:  NORTH; Position:  9,13; Parcels:      1; Health:  90.0; Health Usage: 100.0; Fuel: 213.0; Tile: ROAD
2019-05-22 14:02:05 INFO  Car - Speed:   0.0; Angle:  NORTH; Position:  9,13; Parcels:      1; Health:  90.0; Health Usage: 100.0; Fuel: 213.0; Tile: ROAD
2019-05-22 14:02:05 INFO  Car - Speed:   0.0; Angle:  NORTH; Position:  9,13; Parcels:      1; Health:  90.0; Health Usage: 100.0; Fuel: 213.0; Tile: ROAD
2019-05-22 14:02:05 INFO  Car - Speed:   0.0; Angle:  NORTH; Position:  9,13; Parcels:      1; Health:  90.0; Health Usage: 100.0; Fuel: 213.0; Tile: ROAD
2019-05-22 14:02:06 INFO  Car - Speed:   1.0; Angle:  NORTH; Position:  9,14; Parcels:      1; Health:  90.0; Health Usage: 100.0; Fuel: 212.0; Tile: ROAD
2019-05-22 14:02:06 INFO  Car - Speed:   1.0; Angle:   EAST; Position: 10,14; Parcels:      1; Health:  90.0; Health Usage: 100.0; Fuel: 211.0; Tile: ROAD
2019-05-22 14:02:06 INFO  Car - Speed:   1.0; Angle:   EAST; Position: 11,14; Parcels:      1; Health:  90.0; Health Usage: 100.0; Fuel: 210.0; Tile: ROAD
2019-05-22 14:02:06 INFO  Car - Speed:   1.0; Angle:   EAST; Position: 12,14; Parcels:      1; Health:  90.0; Health Usage: 100.0; Fuel: 209.0; Tile: ROAD
2019-05-22 14:02:07 INFO  Car - Speed:   1.0; Angle:   EAST; Position: 13,14; Parcels:      1; Health:  90.0; Health Usage: 100.0; Fuel: 208.0; Tile: ROAD
2019-05-22 14:02:07 INFO  Car - Speed:   1.0; Angle:   EAST; Position: 14,14; Parcels:      1; Health:  90.0; Health Usage: 100.0; Fuel: 207.0; Tile: ROAD
2019-05-22 14:02:07 INFO  Car - Speed:   1.0; Angle:   EAST; Position: 15,14; Parcels:      1; Health:  85.0; Health Usage: 100.0; Fuel: 206.0; Tile: TRAP(lava)
2019-05-22 14:02:07 INFO  Car - Speed:   0.0; Angle:   EAST; Position: 15,14; Parcels:      1; Health:  80.0; Health Usage: 100.0; Fuel: 206.0; Tile: TRAP(lava)
2019-05-22 14:02:08 INFO  Car - Speed:   0.0; Angle:   EAST; Position: 15,14; Parcels:      1; Health:  75.0; Health Usage: 100.0; Fuel: 206.0; Tile: TRAP(lava)
2019-05-22 14:02:08 INFO  Car - Speed:   0.0; Angle:   EAST; Position: 15,14; Parcels:      1; Health:  70.0; Health Usage: 100.0; Fuel: 206.0; Tile: TRAP(lava)
2019-05-22 14:02:08 INFO  Car - Speed:   0.0; Angle:   EAST; Position: 15,14; Parcels:      1; Health:  65.0; Health Usage: 100.0; Fuel: 206.0; Tile: TRAP(lava)
2019-05-22 14:02:08 INFO  Car - Speed:   0.0; Angle:   EAST; Position: 15,14; Parcels:      1; Health:  60.0; Health Usage: 100.0; Fuel: 206.0; Tile: TRAP(lava)
2019-05-22 14:02:09 INFO  Car - Speed:   0.0; Angle:   EAST; Position: 15,14; Parcels:      1; Health:  55.0; Health Usage: 100.0; Fuel: 206.0; Tile: TRAP(lava)
2019-05-22 14:02:09 INFO  Car - Speed:   1.0; Angle:   EAST; Position: 16,14; Parcels:      1; Health:  50.0; Health Usage: 100.0; Fuel: 205.0; Tile: TRAP(lava)
2019-05-22 14:02:09 INFO  Car - Speed:   0.0; Angle:   EAST; Position: 16,14; Parcels:      1; Health:  45.0; Health Usage: 100.0; Fuel: 205.0; Tile: TRAP(lava)
2019-05-22 14:02:09 INFO  Car - Speed:   0.0; Angle:   EAST; Position: 16,14; Parcels:      1; Health:  40.0; Health Usage: 100.0; Fuel: 205.0; Tile: TRAP(lava)
2019-05-22 14:02:10 INFO  Car - Speed:   0.0; Angle:   EAST; Position: 16,14; Parcels:      1; Health:  35.0; Health Usage: 100.0; Fuel: 205.0; Tile: TRAP(lava)
2019-05-22 14:02:10 INFO  Car - Speed:   0.0; Angle:   EAST; Position: 16,14; Parcels:      1; Health:  30.0; Health Usage: 100.0; Fuel: 205.0; Tile: TRAP(lava)
2019-05-22 14:02:10 INFO  Car - Speed:   0.0; Angle:   EAST; Position: 16,14; Parcels:      1; Health:  25.0; Health Usage: 100.0; Fuel: 205.0; Tile: TRAP(lava)
2019-05-22 14:02:10 INFO  Car - Speed:   0.0; Angle:   EAST; Position: 16,14; Parcels:      1; Health:  20.0; Health Usage: 100.0; Fuel: 205.0; Tile: TRAP(lava)
2019-05-22 14:02:11 INFO  Car - Speed:   0.0; Angle:   EAST; Position: 16,14; Parcels:      1; Health:  15.0; Health Usage: 100.0; Fuel: 205.0; Tile: TRAP(lava)
2019-05-22 14:02:11 INFO  Car - Speed:   0.0; Angle:   EAST; Position: 16,14; Parcels:      1; Health:  10.0; Health Usage: 100.0; Fuel: 205.0; Tile: TRAP(lava)
2019-05-22 14:02:11 INFO  Car - Speed:   0.0; Angle:   EAST; Position: 16,14; Parcels:      1; Health:   5.0; Health Usage: 100.0; Fuel: 205.0; Tile: TRAP(lava)
2019-05-22 14:02:11 INFO  Car - Speed:   0.0; Angle:   EAST; Position: 16,14; Parcels:      1; Health:   0.0; Health Usage: 100.0; Fuel: 205.0; Tile: TRAP(lava)
